<?xml version="1.0" encoding="UTF-8"?>
<robot generator="Robot 6.0.2 (Python 3.13.1 on win32)" generated="20250307 13:15:26.102" rpa="false" schemaversion="3">
<suite id="s1" name="Tests" source="D:\Replay\Symphonyreplay\Tests">
<kw name="Setup highest level suite" type="SETUP">
<kw name="Set Variable" library="BuiltIn">
<var>${d.test_server}</var>
<arg>${test_server}</arg>
<doc>Returns the given values which can then be assigned to a variables.</doc>
<msg timestamp="20250307 13:15:27.748" level="INFO">${d.test_server} = Dev</msg>
<status status="PASS" starttime="20250307 13:15:27.748" endtime="20250307 13:15:27.748"/>
</kw>
<kw name="Reset screenshot count variable" library="Support">
<kw name="Set Variable" library="BuiltIn">
<var>${screenshotCount}</var>
<arg>${PABOTQUEUEINDEX}_1</arg>
<doc>Returns the given values which can then be assigned to a variables.</doc>
<msg timestamp="20250307 13:15:27.749" level="INFO">${screenshotCount} = 0_1</msg>
<status status="PASS" starttime="20250307 13:15:27.749" endtime="20250307 13:15:27.749"/>
</kw>
<kw name="Set Global Variable" library="BuiltIn">
<arg>${screenshotCount}</arg>
<doc>Makes a variable available globally in all tests and suites.</doc>
<msg timestamp="20250307 13:15:27.749" level="INFO">${screenshotCount} = 0_1</msg>
<status status="PASS" starttime="20250307 13:15:27.749" endtime="20250307 13:15:27.749"/>
</kw>
<kw name="Set up screenshot directory" library="Support">
<kw name="Create Directory" library="OperatingSystem">
<arg>${OUTPUTDIR}${/}${wvar('screenshot_dir')}</arg>
<doc>Creates the specified directory.</doc>
<msg timestamp="20250307 13:15:27.750" level="INFO">Web.Dev.screenshot_dir: Screenshot</msg>
<msg timestamp="20250307 13:15:27.751" level="INFO" html="true">Created directory '&lt;a href="file://D:\Replay\Symphonyreplay\Output\pabot_results\0\Screenshot"&gt;D:\Replay\Symphonyreplay\Output\pabot_results\0\Screenshot&lt;/a&gt;'.</msg>
<status status="PASS" starttime="20250307 13:15:27.750" endtime="20250307 13:15:27.751"/>
</kw>
<status status="PASS" starttime="20250307 13:15:27.749" endtime="20250307 13:15:27.751"/>
</kw>
<status status="PASS" starttime="20250307 13:15:27.748" endtime="20250307 13:15:27.751"/>
</kw>
<kw name="Set Global Variable" library="BuiltIn">
<arg>${screenshot_taking}</arg>
<arg>${True}</arg>
<doc>Makes a variable available globally in all tests and suites.</doc>
<msg timestamp="20250307 13:15:27.751" level="INFO">${screenshot_taking} = True</msg>
<status status="PASS" starttime="20250307 13:15:27.751" endtime="20250307 13:15:27.751"/>
</kw>
<kw name="Setup linux execution" library="Support">
<kw name="Run Keyword And Return Status" library="BuiltIn">
<var>${web_test_check}</var>
<arg>Variable Should Exist</arg>
<arg>${web_test}</arg>
<doc>Runs the given keyword with given arguments and returns the status as a Boolean value.</doc>
<kw name="Variable Should Exist" library="BuiltIn">
<arg>${web_test}</arg>
<doc>Fails unless the given variable exists within the current scope.</doc>
<status status="PASS" starttime="20250307 13:15:27.752" endtime="20250307 13:15:27.752"/>
</kw>
<msg timestamp="20250307 13:15:27.752" level="INFO">${web_test_check} = True</msg>
<status status="PASS" starttime="20250307 13:15:27.752" endtime="20250307 13:15:27.752"/>
</kw>
<kw name="Run Keyword If" library="BuiltIn">
<arg>${web_test_check}</arg>
<arg>Setup Docker Execution Options</arg>
<doc>Runs the given keyword with the given arguments, if ``condition`` is true.</doc>
<kw name="Setup Docker Execution Options" library="Support_Web">
<kw name="Setup Suite Metadata" library="Support_Web">
<arg>${browser}</arg>
<kw name="Get Browser Metadata" library="BrowserSupport">
<var>&amp;{browser_information}</var>
<arg>browser=${browser}</arg>
<doc>Fetches browser metadata information
:param browser: Name of the browser for which information is fetched
:param reload: Re-read the metadata based on the browser
:return: Browser metadata information, dict of format
            {"browser_version": browser version value,
             "driver_version": driver version value}</doc>
<msg timestamp="20250307 13:15:31.293" level="INFO">&amp;{browser_information} = { browser_version=133.0.6943.127 | driver_version=132.0.6834.110  }</msg>
<status status="PASS" starttime="20250307 13:15:27.753" endtime="20250307 13:15:31.293"/>
</kw>
<kw name="Set Suite Metadata" library="BuiltIn">
<arg>test_browser_name</arg>
<arg>${browser}</arg>
<doc>Sets metadata for the current test suite.</doc>
<msg timestamp="20250307 13:15:31.294" level="INFO">Set suite metadata 'test_browser_name' to value 'chrome'.</msg>
<status status="PASS" starttime="20250307 13:15:31.294" endtime="20250307 13:15:31.294"/>
</kw>
<kw name="Set Suite Metadata" library="BuiltIn">
<arg>test_browser_version</arg>
<arg>${browser_information.browser_version}</arg>
<doc>Sets metadata for the current test suite.</doc>
<msg timestamp="20250307 13:15:31.295" level="INFO">Set suite metadata 'test_browser_version' to value '133.0.6943.127'.</msg>
<status status="PASS" starttime="20250307 13:15:31.294" endtime="20250307 13:15:31.296"/>
</kw>
<kw name="Set Suite Metadata" library="BuiltIn">
<arg>test_driver_version</arg>
<arg>${browser_information.driver_version}</arg>
<doc>Sets metadata for the current test suite.</doc>
<msg timestamp="20250307 13:15:31.297" level="INFO">Set suite metadata 'test_driver_version' to value '132.0.6834.110 '.</msg>
<status status="PASS" starttime="20250307 13:15:31.296" endtime="20250307 13:15:31.297"/>
</kw>
<status status="PASS" starttime="20250307 13:15:27.753" endtime="20250307 13:15:31.297"/>
</kw>
<kw name="Setup Global Docker Execution Options" library="Support_Web">
<kw name="Set Global Variable" library="BuiltIn">
<arg>${global_browser_options}</arg>
<arg>None</arg>
<doc>Makes a variable available globally in all tests and suites.</doc>
<msg timestamp="20250307 13:15:31.298" level="INFO">${global_browser_options} = None</msg>
<status status="PASS" starttime="20250307 13:15:31.297" endtime="20250307 13:15:31.299"/>
</kw>
<kw name="Get Environment Variable" library="OperatingSystem">
<var>${docker_check}</var>
<arg>EXECUTION_ENVIRONMENT</arg>
<arg>not_found</arg>
<doc>Returns the value of an environment variable with the given name.</doc>
<msg timestamp="20250307 13:15:31.299" level="INFO">${docker_check} = not_found</msg>
<status status="PASS" starttime="20250307 13:15:31.299" endtime="20250307 13:15:31.299"/>
</kw>
<kw name="Run Keyword And Return If" library="BuiltIn">
<arg>"${docker_check}"!="docker"</arg>
<arg>Log</arg>
<arg>Not executing on Docker</arg>
<doc>Runs the specified keyword and returns from the enclosing user keyword.</doc>
<kw name="Log" library="BuiltIn">
<arg>Not executing on Docker</arg>
<doc>Logs the given message with the given level.</doc>
<msg timestamp="20250307 13:15:31.300" level="INFO">Not executing on Docker</msg>
<status status="PASS" starttime="20250307 13:15:31.300" endtime="20250307 13:15:31.300"/>
</kw>
<msg timestamp="20250307 13:15:31.300" level="INFO">Returning from the enclosing user keyword.</msg>
<status status="PASS" starttime="20250307 13:15:31.299" endtime="20250307 13:15:31.300"/>
</kw>
<kw name="Create List" library="BuiltIn">
<var>@{options}</var>
<arg>--headless</arg>
<arg>--no-sandbox</arg>
<arg>--disable-dev-shm-usage</arg>
<doc>Returns a list containing given items.</doc>
<status status="NOT RUN" starttime="20250307 13:15:31.300" endtime="20250307 13:15:31.300"/>
</kw>
<kw name="Set Global Variable" library="BuiltIn">
<arg>@{docker_options}</arg>
<arg>@{options}</arg>
<doc>Makes a variable available globally in all tests and suites.</doc>
<status status="NOT RUN" starttime="20250307 13:15:31.300" endtime="20250307 13:15:31.300"/>
</kw>
<status status="PASS" starttime="20250307 13:15:31.297" endtime="20250307 13:15:31.301"/>
</kw>
<kw name="Create Webdriver for chrome preferences" library="Support_Web">
<kw name="Update Docker Execution Options" library="Support_Web">
<var>${list_prefs}</var>
<arg>${list_prefs}</arg>
<kw name="Run Keyword And Return Status" library="BuiltIn">
<var>${docker_check}</var>
<arg>Variable Should Exist</arg>
<arg>${docker_options}</arg>
<doc>Runs the given keyword with given arguments and returns the status as a Boolean value.</doc>
<kw name="Variable Should Exist" library="BuiltIn">
<arg>${docker_options}</arg>
<doc>Fails unless the given variable exists within the current scope.</doc>
<msg timestamp="20250307 13:15:31.304" level="FAIL">Variable '${docker_options}' does not exist.</msg>
<status status="FAIL" starttime="20250307 13:15:31.302" endtime="20250307 13:15:31.304"/>
</kw>
<msg timestamp="20250307 13:15:31.304" level="INFO">${docker_check} = False</msg>
<status status="PASS" starttime="20250307 13:15:31.302" endtime="20250307 13:15:31.304"/>
</kw>
<kw name="Get Length" library="BuiltIn">
<var>${list_prefs_length}</var>
<arg>${list_prefs}</arg>
<doc>Returns and logs the length of the given item as an integer.</doc>
<msg timestamp="20250307 13:15:31.305" level="INFO">Length is 1</msg>
<msg timestamp="20250307 13:15:31.305" level="INFO">${list_prefs_length} = 1</msg>
<status status="PASS" starttime="20250307 13:15:31.305" endtime="20250307 13:15:31.305"/>
</kw>
<kw name="Run Keyword If" library="BuiltIn">
<var>${list_prefs}</var>
<arg>${docker_check} and ${list_prefs_length}&gt;0 and ${list_prefs}[0] != []</arg>
<arg>Combine Lists</arg>
<arg>${list_prefs}</arg>
<arg>${docker_options}</arg>
<arg>ELSE IF</arg>
<arg>${docker_check}</arg>
<arg>Set Variable</arg>
<arg>${docker_options}</arg>
<arg>ELSE</arg>
<arg>Set Variable</arg>
<arg>${list_prefs}</arg>
<doc>Runs the given keyword with the given arguments, if ``condition`` is true.</doc>
<kw name="Set Variable" library="BuiltIn">
<arg>${list_prefs}</arg>
<doc>Returns the given values which can then be assigned to a variables.</doc>
<status status="PASS" starttime="20250307 13:15:31.306" endtime="20250307 13:15:31.306"/>
</kw>
<msg timestamp="20250307 13:15:31.306" level="INFO">${list_prefs} = [[]]</msg>
<status status="PASS" starttime="20250307 13:15:31.305" endtime="20250307 13:15:31.306"/>
</kw>
<msg timestamp="20250307 13:15:31.306" level="INFO">${list_prefs} = [[]]</msg>
<status status="PASS" starttime="20250307 13:15:31.301" endtime="20250307 13:15:31.306"/>
</kw>
<kw name="Create Chrome Options for download preferences" library="Support_Web">
<var>${chrome_options}</var>
<kw name="Evaluate" library="BuiltIn">
<var>${chrome_options}</var>
<arg>sys.modules['selenium.webdriver'].ChromeOptions()</arg>
<arg>sys</arg>
<doc>Evaluates the given expression in Python and returns the result.</doc>
<msg timestamp="20250307 13:15:31.307" level="INFO">${chrome_options} = &lt;selenium.webdriver.chrome.options.Options object at 0x0000020A40BF0B90&gt;</msg>
<status status="PASS" starttime="20250307 13:15:31.307" endtime="20250307 13:15:31.307"/>
</kw>
<msg timestamp="20250307 13:15:31.307" level="INFO">${chrome_options} = &lt;selenium.webdriver.chrome.options.Options object at 0x0000020A40BF0B90&gt;</msg>
<status status="PASS" starttime="20250307 13:15:31.306" endtime="20250307 13:15:31.307"/>
</kw>
<kw name="Update Preferences List" library="Support_Web">
<arg>${chrome_options}</arg>
<arg>@{list_prefs}</arg>
<kw name="Convert To String" library="BuiltIn">
<var>${string_prefs}</var>
<arg>${list_prefs}</arg>
<doc>Converts the given item to a Unicode string.</doc>
<msg timestamp="20250307 13:15:31.308" level="INFO">${string_prefs} = [[]]</msg>
<status status="PASS" starttime="20250307 13:15:31.308" endtime="20250307 13:15:31.308"/>
</kw>
<kw name="Return From Keyword If" library="BuiltIn">
<arg>${string_prefs} == [[]]</arg>
<doc>Returns from the enclosing user keyword if ``condition`` is true.</doc>
<msg timestamp="20250307 13:15:31.308" level="INFO">Returning from the enclosing user keyword.</msg>
<status status="PASS" starttime="20250307 13:15:31.308" endtime="20250307 13:15:31.309"/>
</kw>
<for flavor="IN">
<var>${preference}</var>
<value>@{list_prefs}</value>
<iter>
<var name="${preference}"/>
<kw name="Call Method" library="BuiltIn">
<arg>${chrome_options}</arg>
<arg>add_argument</arg>
<arg>${preference}</arg>
<doc>Calls the named method of the given object with the provided arguments.</doc>
<status status="NOT RUN" starttime="20250307 13:15:31.309" endtime="20250307 13:15:31.309"/>
</kw>
<status status="NOT RUN" starttime="20250307 13:15:31.309" endtime="20250307 13:15:31.309"/>
</iter>
<status status="NOT RUN" starttime="20250307 13:15:31.309" endtime="20250307 13:15:31.309"/>
</for>
<status status="PASS" starttime="20250307 13:15:31.307" endtime="20250307 13:15:31.310"/>
</kw>
<kw name="Call Method" library="BuiltIn">
<arg>${chrome_options}</arg>
<arg>add_experimental_option</arg>
<arg>prefs</arg>
<arg>${kw_prefs}</arg>
<doc>Calls the named method of the given object with the provided arguments.</doc>
<status status="PASS" starttime="20250307 13:15:31.310" endtime="20250307 13:15:31.310"/>
</kw>
<kw name="Set Global Variable" library="BuiltIn">
<arg>${global_browser_options}</arg>
<arg>${chrome options}</arg>
<doc>Makes a variable available globally in all tests and suites.</doc>
<msg timestamp="20250307 13:15:31.310" level="INFO">${global_browser_options} = &lt;selenium.webdriver.chrome.options.Options object at 0x0000020A40BF0B90&gt;</msg>
<status status="PASS" starttime="20250307 13:15:31.310" endtime="20250307 13:15:31.311"/>
</kw>
<status status="PASS" starttime="20250307 13:15:31.301" endtime="20250307 13:15:31.311"/>
</kw>
<status status="PASS" starttime="20250307 13:15:27.753" endtime="20250307 13:15:31.311"/>
</kw>
<status status="PASS" starttime="20250307 13:15:27.753" endtime="20250307 13:15:31.311"/>
</kw>
<status status="PASS" starttime="20250307 13:15:27.751" endtime="20250307 13:15:31.311"/>
</kw>
<kw name="Set Suite Metadata" library="BuiltIn">
<arg>environment</arg>
<arg>${test_server}</arg>
<doc>Sets metadata for the current test suite.</doc>
<msg timestamp="20250307 13:15:31.312" level="INFO">Set suite metadata 'environment' to value 'Dev'.</msg>
<status status="PASS" starttime="20250307 13:15:31.311" endtime="20250307 13:15:31.312"/>
</kw>
<status status="PASS" starttime="20250307 13:15:27.747" endtime="20250307 13:15:31.312"/>
</kw>
<suite id="s1-s1" name="Test Addon" source="D:\Replay\Symphonyreplay\Tests\Test_Addon.robot">
<kw name="System Logon" library="Addon" type="SETUP">
<kw name="Start Process" library="Process">
<arg>${symvar('EXE_PAD')}</arg>
<doc>Starts a new process on background.</doc>
<msg timestamp="20250307 13:15:31.413" level="INFO">Sym.Dev.EXE_PAD: C:\Program Files\SAP\FrontEnd\SAPGUI\saplogon.exe</msg>
<msg timestamp="20250307 13:15:31.413" level="INFO">Starting process:
"C:\Program Files\SAP\FrontEnd\SAPGUI\saplogon.exe"</msg>
<status status="PASS" starttime="20250307 13:15:31.412" endtime="20250307 13:15:31.420"/>
</kw>
<kw name="Sleep" library="BuiltIn">
<arg>5s</arg>
<doc>Pauses the test executed for the given time.</doc>
<msg timestamp="20250307 13:15:36.420" level="INFO">Slept 5 seconds</msg>
<status status="PASS" starttime="20250307 13:15:31.420" endtime="20250307 13:15:36.421"/>
</kw>
<kw name="Connect To Session" library="CustomSapGuiLibrary">
<doc>Connects to an open session SAP.</doc>
<status status="PASS" starttime="20250307 13:15:36.421" endtime="20250307 13:15:36.452"/>
</kw>
<kw name="Sleep" library="BuiltIn">
<arg>5</arg>
<doc>Pauses the test executed for the given time.</doc>
<msg timestamp="20250307 13:15:41.454" level="INFO">Slept 5 seconds</msg>
<status status="PASS" starttime="20250307 13:15:36.453" endtime="20250307 13:15:41.454"/>
</kw>
<kw name="Open Connection" library="CustomSapGuiLibrary">
<arg>${symvar('Connection_Name')}</arg>
<doc>Opens a connection to the given connection name. Be sure to provide the full connection name, including the bracket part.</doc>
<msg timestamp="20250307 13:15:41.457" level="INFO">Sym.Dev.Connection_Name: PRD</msg>
<msg timestamp="20250307 13:15:43.434" level="FAIL">com_error: (-2147352567, 'Exception occurred.', (614, 'saplogon', 'The enumerator of the collection cannot find an element with the specified index.', 'C:\\Program Files\\SAP\\FrontEnd\\SAPGUI\\saplogon.HLP', 393215, 0), None)</msg>
<msg timestamp="20250307 13:15:43.505" level="INFO">Sym.Dev.Connection_Name: PRD</msg>
<status status="FAIL" starttime="20250307 13:15:41.455" endtime="20250307 13:15:43.502"/>
</kw>
<kw name="Sleep" library="BuiltIn">
<arg>5</arg>
<doc>Pauses the test executed for the given time.</doc>
<status status="NOT RUN" starttime="20250307 13:15:43.506" endtime="20250307 13:15:43.506"/>
</kw>
<kw name="Input Text" library="CustomSapGuiLibrary">
<arg>wnd[0]/usr/txtRSYST-MANDT</arg>
<arg>${symvar('SAP_CLIENT')}</arg>
<doc>Inserts the given text into the text field identified by locator.
Use keyword `input password` to insert a password in a text field.</doc>
<status status="NOT RUN" starttime="20250307 13:15:43.506" endtime="20250307 13:15:43.507"/>
</kw>
<kw name="Sleep" library="BuiltIn">
<arg>1</arg>
<doc>Pauses the test executed for the given time.</doc>
<status status="NOT RUN" starttime="20250307 13:15:43.507" endtime="20250307 13:15:43.507"/>
</kw>
<kw name="Input Text" library="CustomSapGuiLibrary">
<arg>wnd[0]/usr/txtRSYST-BNAME</arg>
<arg>${symvar('SAP_USER')}</arg>
<doc>Inserts the given text into the text field identified by locator.
Use keyword `input password` to insert a password in a text field.</doc>
<status status="NOT RUN" starttime="20250307 13:15:43.507" endtime="20250307 13:15:43.508"/>
</kw>
<kw name="Sleep" library="BuiltIn">
<arg>1</arg>
<doc>Pauses the test executed for the given time.</doc>
<status status="NOT RUN" starttime="20250307 13:15:43.508" endtime="20250307 13:15:43.508"/>
</kw>
<kw name="Input Password" library="CustomSapGuiLibrary">
<arg>wnd[0]/usr/pwdRSYST-BCODE</arg>
<arg>Sym@rocks2023</arg>
<doc>Inserts the given password into the text field identified by locator.
The password is not recorded in the log.</doc>
<status status="NOT RUN" starttime="20250307 13:15:43.509" endtime="20250307 13:15:43.509"/>
</kw>
<kw name="Sleep" library="BuiltIn">
<arg>2</arg>
<doc>Pauses the test executed for the given time.</doc>
<status status="NOT RUN" starttime="20250307 13:15:43.509" endtime="20250307 13:15:43.509"/>
</kw>
<kw name="Send Vkey" library="CustomSapGuiLibrary">
<arg>0</arg>
<doc>Sends a SAP virtual key combination to the window, not into an element.
If you want to send a value to a text field, use `input text` instead.</doc>
<status status="NOT RUN" starttime="20250307 13:15:43.510" endtime="20250307 13:15:43.510"/>
</kw>
<kw name="Sleep" library="BuiltIn">
<arg>5</arg>
<doc>Pauses the test executed for the given time.</doc>
<status status="NOT RUN" starttime="20250307 13:15:43.510" endtime="20250307 13:15:43.510"/>
</kw>
<kw name="Take Screenshot" library="CustomSapGuiLibrary">
<arg>01_loginpage.jpg</arg>
<doc>Takes a screenshot, only if 'screenshots on error' has been enabled,
either at import of with keyword `enable screenshots on error`.</doc>
<status status="NOT RUN" starttime="20250307 13:15:43.510" endtime="20250307 13:15:43.511"/>
</kw>
<kw name="Multiple Logon Handling" library="CustomSapGuiLibrary">
<arg>wnd[1]</arg>
<arg>wnd[1]/usr/radMULTI_LOGON_OPT2</arg>
<arg>wnd[1]/tbar[0]/btn[0]</arg>
<status status="NOT RUN" starttime="20250307 13:15:43.511" endtime="20250307 13:15:43.511"/>
</kw>
<kw name="Sleep" library="BuiltIn">
<arg>1</arg>
<doc>Pauses the test executed for the given time.</doc>
<status status="NOT RUN" starttime="20250307 13:15:43.512" endtime="20250307 13:15:43.512"/>
</kw>
<status status="FAIL" starttime="20250307 13:15:31.412" endtime="20250307 13:15:43.512"/>
</kw>
<test id="s1-s1-t1" name="Check_Saint Transation Code" line="9">
<tag>RBTLOGIN</tag>
<tag>Regression</tag>
<status status="FAIL" starttime="20250307 13:15:43.513" endtime="20250307 13:15:43.515">Parent suite setup failed:
com_error: (-2147352567, 'Exception occurred.', (614, 'saplogon', 'The enumerator of the collection cannot find an element with the specified index.', 'C:\\Program Files\\SAP\\FrontEnd\\SAPGUI\\saplogon.HLP', 393215, 0), None)</status>
</test>
<test id="s1-s1-t2" name="Selecting the path for the Addon" line="13">
<tag>RBTLOGIN</tag>
<tag>Regression</tag>
<status status="FAIL" starttime="20250307 13:15:43.516" endtime="20250307 13:15:43.517">Parent suite setup failed:
com_error: (-2147352567, 'Exception occurred.', (614, 'saplogon', 'The enumerator of the collection cannot find an element with the specified index.', 'C:\\Program Files\\SAP\\FrontEnd\\SAPGUI\\saplogon.HLP', 393215, 0), None)</status>
</test>
<test id="s1-s1-t3" name="Process Until Finish Button Visible" line="18">
<tag>RBTLOGIN</tag>
<tag>Regression</tag>
<status status="FAIL" starttime="20250307 13:15:43.517" endtime="20250307 13:15:43.518">Parent suite setup failed:
com_error: (-2147352567, 'Exception occurred.', (614, 'saplogon', 'The enumerator of the collection cannot find an element with the specified index.', 'C:\\Program Files\\SAP\\FrontEnd\\SAPGUI\\saplogon.HLP', 393215, 0), None)</status>
</test>
<kw name="System Logout" library="Addon" type="TEARDOWN">
<kw name="Run Transaction" library="CustomSapGuiLibrary">
<arg>/nex</arg>
<doc>Runs a Sap transaction. An error is given when an unknown transaction is specified.</doc>
<msg timestamp="20250307 13:15:43.520" level="FAIL">AttributeError: 'int' object has no attribute 'findById'</msg>
<status status="FAIL" starttime="20250307 13:15:43.520" endtime="20250307 13:15:43.522"/>
</kw>
<kw name="Sleep" library="BuiltIn">
<arg>5</arg>
<doc>Pauses the test executed for the given time.</doc>
<msg timestamp="20250307 13:15:48.523" level="INFO">Slept 5 seconds</msg>
<status status="PASS" starttime="20250307 13:15:43.522" endtime="20250307 13:15:48.523"/>
</kw>
<kw name="Take Screenshot" library="CustomSapGuiLibrary">
<arg>17_logoutpage.jpg</arg>
<doc>Takes a screenshot, only if 'screenshots on error' has been enabled,
either at import of with keyword `enable screenshots on error`.</doc>
<msg timestamp="20250307 13:15:48.711" level="INFO" html="true">&lt;a href="17_logoutpage.jpg"&gt;&lt;img src="17_logoutpage.jpg" width="800px"&gt;&lt;/a&gt;</msg>
<status status="PASS" starttime="20250307 13:15:48.524" endtime="20250307 13:15:48.712"/>
</kw>
<kw name="Create Pdf" library="PDF">
<arg>${screenshot_directory}</arg>
<arg>${output_pdf}</arg>
<status status="PASS" starttime="20250307 13:15:48.713" endtime="20250307 13:15:49.145"/>
</kw>
<kw name="Sleep" library="BuiltIn">
<arg>2</arg>
<doc>Pauses the test executed for the given time.</doc>
<msg timestamp="20250307 13:15:51.146" level="INFO">Slept 2 seconds</msg>
<status status="PASS" starttime="20250307 13:15:49.145" endtime="20250307 13:15:51.147"/>
</kw>
<status status="FAIL" starttime="20250307 13:15:43.519" endtime="20250307 13:15:51.148">AttributeError: 'int' object has no attribute 'findById'</status>
</kw>
<status status="FAIL" starttime="20250307 13:15:31.312" endtime="20250307 13:15:51.148">Suite setup failed:
com_error: (-2147352567, 'Exception occurred.', (614, 'saplogon', 'The enumerator of the collection cannot find an element with the specified index.', 'C:\\Program Files\\SAP\\FrontEnd\\SAPGUI\\saplogon.HLP', 393215, 0), None)

Also suite teardown failed:
AttributeError: 'int' object has no attribute 'findById'</status>
</suite>
<doc>Testing functionality through Robot Framework</doc>
<meta name="environment">Dev</meta>
<meta name="test_browser_name">chrome</meta>
<meta name="test_browser_version">133.0.6943.127</meta>
<meta name="test_driver_version">132.0.6834.110 </meta>
<meta name="test_environment">Dev</meta>
<meta name="test_freeze_dependencies">astroid==3.3.8,attrs==25.1.0,beautifulsoup4==4.13.0,bs4==0.0.2,certifi==2025.1.31,cffi==1.17.1,chardet==5.2.0,charset-normalizer==3.4.1,click==8.1.8,colorama==0.4.6,cryptography==44.0.0,defusedxml==0.7.1,dill==0.3.9,docutils==0.21.2,et_xmlfile==2.0.0,exceptiongroup==1.2.2,gitdb==4.0.12,GitPython==3.1.44,h11==0.14.0,idna==3.10,isort==6.0.0,Jinja2==3.1.5,jira==3.8.0,jsonpath-ng==1.7.0,jsonschema==4.23.0,jsonschema-specifications==2024.10.1,lazy-object-proxy==1.10.0,lxml==5.3.0,markdown-it-py==3.0.0,MarkupSafe==3.0.2,mccabe==0.7.0,mdurl==0.1.2,natsort==8.4.0,oauthlib==3.2.2,openpyxl==3.1.5,outcome==1.3.0.post0,packaging==24.2,pathspec==0.11.2,pillow==11.1.0,pip==25.0,platformdirs==4.3.6,ply==3.11,pycparser==2.22,Pygments==2.19.1,pylint==3.3.4,PyPDF2==3.0.1,PySocks==1.7.1,pywin32==308,PyYAML==6.0.2,referencing==0.36.2,reportlab==4.3.0,requests==2.32.3,requests-oauthlib==2.0.0,requests-toolbelt==1.0.0,rich==13.9.4,rich-click==1.6.1,robotframework==6.0.2,robotframework-datadriver==1.9.0,robotframework-excellib==2.0.1,robotframework-jsonlibrary==0.5,robotframework-pabot==2.16.0,robotframework-pythonlibcore==4.2.0,robotframework-requests==0.9.2,robotframework-sapguilibrary==1.1,robotframework-seleniumlibrary==5.1.3,robotframework-stacktrace==0.4.1,robotframework-tidy==4.5.0,rpds-py==0.22.3,selenium==4.9.1,setuptools==75.8.0,smmap==5.0.2,sniffio==1.3.1,sortedcontainers==2.4.0,soupsieve==2.6,tomli==2.0.2,tomlkit==0.13.2,trio==0.28.0,trio-websocket==0.11.1,typing_extensions==4.12.2,urllib3==2.3.0,wheel==0.45.1,wrapt==1.17.2,wsproto==1.2.0</meta>
<status status="FAIL" starttime="20250307 13:15:27.077" endtime="20250307 13:15:51.283"/>
</suite>
<statistics>
<total>
<stat pass="0" fail="3" skip="0">All Tests</stat>
</total>
<tag>
<stat pass="0" fail="3" skip="0">RBTLOGIN</stat>
<stat pass="0" fail="3" skip="0">Regression</stat>
</tag>
<suite>
<stat pass="0" fail="3" skip="0" id="s1" name="Tests">Tests</stat>
<stat pass="0" fail="3" skip="0" id="s1-s1" name="Test Addon">Tests.Test Addon</stat>
</suite>
</statistics>
<errors>
</errors>
</robot>
