<?xml version="1.0" encoding="UTF-8"?>
<robot generator="Robot 6.0.2 (Python 3.13.1 on win32)" generated="20250217 15:40:58.695" rpa="false" schemaversion="3">
<suite id="s1" name="Tests" source="D:\Replay\Symphonyreplay\Tests">
<kw name="Setup highest level suite" type="SETUP">
<kw name="Set Variable" library="BuiltIn">
<var>${d.test_server}</var>
<arg>${test_server}</arg>
<doc>Returns the given values which can then be assigned to a variables.</doc>
<msg timestamp="20250217 15:40:59.619" level="INFO">${d.test_server} = Dev</msg>
<status status="PASS" starttime="20250217 15:40:59.618" endtime="20250217 15:40:59.619"/>
</kw>
<kw name="Reset screenshot count variable" library="Support">
<kw name="Set Variable" library="BuiltIn">
<var>${screenshotCount}</var>
<arg>${PABOTQUEUEINDEX}_1</arg>
<doc>Returns the given values which can then be assigned to a variables.</doc>
<msg timestamp="20250217 15:40:59.620" level="INFO">${screenshotCount} = 0_1</msg>
<status status="PASS" starttime="20250217 15:40:59.619" endtime="20250217 15:40:59.620"/>
</kw>
<kw name="Set Global Variable" library="BuiltIn">
<arg>${screenshotCount}</arg>
<doc>Makes a variable available globally in all tests and suites.</doc>
<msg timestamp="20250217 15:40:59.620" level="INFO">${screenshotCount} = 0_1</msg>
<status status="PASS" starttime="20250217 15:40:59.620" endtime="20250217 15:40:59.620"/>
</kw>
<kw name="Set up screenshot directory" library="Support">
<kw name="Create Directory" library="OperatingSystem">
<arg>${OUTPUTDIR}${/}${wvar('screenshot_dir')}</arg>
<doc>Creates the specified directory.</doc>
<msg timestamp="20250217 15:40:59.622" level="INFO">Web.Dev.screenshot_dir: Screenshot</msg>
<msg timestamp="20250217 15:40:59.623" level="INFO" html="true">Created directory '&lt;a href="file://D:\Replay\Symphonyreplay\Output\pabot_results\0\Screenshot"&gt;D:\Replay\Symphonyreplay\Output\pabot_results\0\Screenshot&lt;/a&gt;'.</msg>
<status status="PASS" starttime="20250217 15:40:59.621" endtime="20250217 15:40:59.623"/>
</kw>
<status status="PASS" starttime="20250217 15:40:59.621" endtime="20250217 15:40:59.623"/>
</kw>
<status status="PASS" starttime="20250217 15:40:59.619" endtime="20250217 15:40:59.623"/>
</kw>
<kw name="Set Global Variable" library="BuiltIn">
<arg>${screenshot_taking}</arg>
<arg>${True}</arg>
<doc>Makes a variable available globally in all tests and suites.</doc>
<msg timestamp="20250217 15:40:59.624" level="INFO">${screenshot_taking} = True</msg>
<status status="PASS" starttime="20250217 15:40:59.623" endtime="20250217 15:40:59.624"/>
</kw>
<kw name="Setup linux execution" library="Support">
<kw name="Run Keyword And Return Status" library="BuiltIn">
<var>${web_test_check}</var>
<arg>Variable Should Exist</arg>
<arg>${web_test}</arg>
<doc>Runs the given keyword with given arguments and returns the status as a Boolean value.</doc>
<kw name="Variable Should Exist" library="BuiltIn">
<arg>${web_test}</arg>
<doc>Fails unless the given variable exists within the current scope.</doc>
<status status="PASS" starttime="20250217 15:40:59.624" endtime="20250217 15:40:59.625"/>
</kw>
<msg timestamp="20250217 15:40:59.625" level="INFO">${web_test_check} = True</msg>
<status status="PASS" starttime="20250217 15:40:59.624" endtime="20250217 15:40:59.625"/>
</kw>
<kw name="Run Keyword If" library="BuiltIn">
<arg>${web_test_check}</arg>
<arg>Setup Docker Execution Options</arg>
<doc>Runs the given keyword with the given arguments, if ``condition`` is true.</doc>
<kw name="Setup Docker Execution Options" library="Support_Web">
<kw name="Setup Suite Metadata" library="Support_Web">
<arg>${browser}</arg>
<kw name="Get Browser Metadata" library="BrowserSupport">
<var>&amp;{browser_information}</var>
<arg>browser=${browser}</arg>
<doc>Fetches browser metadata information
:param browser: Name of the browser for which information is fetched
:param reload: Re-read the metadata based on the browser
:return: Browser metadata information, dict of format
            {"browser_version": browser version value,
             "driver_version": driver version value}</doc>
<msg timestamp="20250217 15:41:03.038" level="INFO">&amp;{browser_information} = { browser_version=132.0.6834.197 | driver_version=132.0.6834.110  }</msg>
<status status="PASS" starttime="20250217 15:40:59.626" endtime="20250217 15:41:03.038"/>
</kw>
<kw name="Set Suite Metadata" library="BuiltIn">
<arg>test_browser_name</arg>
<arg>${browser}</arg>
<doc>Sets metadata for the current test suite.</doc>
<msg timestamp="20250217 15:41:03.039" level="INFO">Set suite metadata 'test_browser_name' to value 'chrome'.</msg>
<status status="PASS" starttime="20250217 15:41:03.039" endtime="20250217 15:41:03.039"/>
</kw>
<kw name="Set Suite Metadata" library="BuiltIn">
<arg>test_browser_version</arg>
<arg>${browser_information.browser_version}</arg>
<doc>Sets metadata for the current test suite.</doc>
<msg timestamp="20250217 15:41:03.040" level="INFO">Set suite metadata 'test_browser_version' to value '132.0.6834.197'.</msg>
<status status="PASS" starttime="20250217 15:41:03.039" endtime="20250217 15:41:03.040"/>
</kw>
<kw name="Set Suite Metadata" library="BuiltIn">
<arg>test_driver_version</arg>
<arg>${browser_information.driver_version}</arg>
<doc>Sets metadata for the current test suite.</doc>
<msg timestamp="20250217 15:41:03.041" level="INFO">Set suite metadata 'test_driver_version' to value '132.0.6834.110 '.</msg>
<status status="PASS" starttime="20250217 15:41:03.040" endtime="20250217 15:41:03.041"/>
</kw>
<status status="PASS" starttime="20250217 15:40:59.626" endtime="20250217 15:41:03.041"/>
</kw>
<kw name="Setup Global Docker Execution Options" library="Support_Web">
<kw name="Set Global Variable" library="BuiltIn">
<arg>${global_browser_options}</arg>
<arg>None</arg>
<doc>Makes a variable available globally in all tests and suites.</doc>
<msg timestamp="20250217 15:41:03.043" level="INFO">${global_browser_options} = None</msg>
<status status="PASS" starttime="20250217 15:41:03.042" endtime="20250217 15:41:03.043"/>
</kw>
<kw name="Get Environment Variable" library="OperatingSystem">
<var>${docker_check}</var>
<arg>EXECUTION_ENVIRONMENT</arg>
<arg>not_found</arg>
<doc>Returns the value of an environment variable with the given name.</doc>
<msg timestamp="20250217 15:41:03.043" level="INFO">${docker_check} = not_found</msg>
<status status="PASS" starttime="20250217 15:41:03.043" endtime="20250217 15:41:03.043"/>
</kw>
<kw name="Run Keyword And Return If" library="BuiltIn">
<arg>"${docker_check}"!="docker"</arg>
<arg>Log</arg>
<arg>Not executing on Docker</arg>
<doc>Runs the specified keyword and returns from the enclosing user keyword.</doc>
<kw name="Log" library="BuiltIn">
<arg>Not executing on Docker</arg>
<doc>Logs the given message with the given level.</doc>
<msg timestamp="20250217 15:41:03.044" level="INFO">Not executing on Docker</msg>
<status status="PASS" starttime="20250217 15:41:03.044" endtime="20250217 15:41:03.044"/>
</kw>
<msg timestamp="20250217 15:41:03.044" level="INFO">Returning from the enclosing user keyword.</msg>
<status status="PASS" starttime="20250217 15:41:03.043" endtime="20250217 15:41:03.044"/>
</kw>
<kw name="Create List" library="BuiltIn">
<var>@{options}</var>
<arg>--headless</arg>
<arg>--no-sandbox</arg>
<arg>--disable-dev-shm-usage</arg>
<doc>Returns a list containing given items.</doc>
<status status="NOT RUN" starttime="20250217 15:41:03.045" endtime="20250217 15:41:03.045"/>
</kw>
<kw name="Set Global Variable" library="BuiltIn">
<arg>@{docker_options}</arg>
<arg>@{options}</arg>
<doc>Makes a variable available globally in all tests and suites.</doc>
<status status="NOT RUN" starttime="20250217 15:41:03.045" endtime="20250217 15:41:03.045"/>
</kw>
<status status="PASS" starttime="20250217 15:41:03.041" endtime="20250217 15:41:03.045"/>
</kw>
<kw name="Create Webdriver for chrome preferences" library="Support_Web">
<kw name="Update Docker Execution Options" library="Support_Web">
<var>${list_prefs}</var>
<arg>${list_prefs}</arg>
<kw name="Run Keyword And Return Status" library="BuiltIn">
<var>${docker_check}</var>
<arg>Variable Should Exist</arg>
<arg>${docker_options}</arg>
<doc>Runs the given keyword with given arguments and returns the status as a Boolean value.</doc>
<kw name="Variable Should Exist" library="BuiltIn">
<arg>${docker_options}</arg>
<doc>Fails unless the given variable exists within the current scope.</doc>
<msg timestamp="20250217 15:41:03.048" level="FAIL">Variable '${docker_options}' does not exist.</msg>
<status status="FAIL" starttime="20250217 15:41:03.046" endtime="20250217 15:41:03.048"/>
</kw>
<msg timestamp="20250217 15:41:03.048" level="INFO">${docker_check} = False</msg>
<status status="PASS" starttime="20250217 15:41:03.046" endtime="20250217 15:41:03.048"/>
</kw>
<kw name="Get Length" library="BuiltIn">
<var>${list_prefs_length}</var>
<arg>${list_prefs}</arg>
<doc>Returns and logs the length of the given item as an integer.</doc>
<msg timestamp="20250217 15:41:03.049" level="INFO">Length is 1</msg>
<msg timestamp="20250217 15:41:03.049" level="INFO">${list_prefs_length} = 1</msg>
<status status="PASS" starttime="20250217 15:41:03.048" endtime="20250217 15:41:03.049"/>
</kw>
<kw name="Run Keyword If" library="BuiltIn">
<var>${list_prefs}</var>
<arg>${docker_check} and ${list_prefs_length}&gt;0 and ${list_prefs}[0] != []</arg>
<arg>Combine Lists</arg>
<arg>${list_prefs}</arg>
<arg>${docker_options}</arg>
<arg>ELSE IF</arg>
<arg>${docker_check}</arg>
<arg>Set Variable</arg>
<arg>${docker_options}</arg>
<arg>ELSE</arg>
<arg>Set Variable</arg>
<arg>${list_prefs}</arg>
<doc>Runs the given keyword with the given arguments, if ``condition`` is true.</doc>
<kw name="Set Variable" library="BuiltIn">
<arg>${list_prefs}</arg>
<doc>Returns the given values which can then be assigned to a variables.</doc>
<status status="PASS" starttime="20250217 15:41:03.049" endtime="20250217 15:41:03.050"/>
</kw>
<msg timestamp="20250217 15:41:03.050" level="INFO">${list_prefs} = [[]]</msg>
<status status="PASS" starttime="20250217 15:41:03.049" endtime="20250217 15:41:03.050"/>
</kw>
<msg timestamp="20250217 15:41:03.050" level="INFO">${list_prefs} = [[]]</msg>
<status status="PASS" starttime="20250217 15:41:03.045" endtime="20250217 15:41:03.050"/>
</kw>
<kw name="Create Chrome Options for download preferences" library="Support_Web">
<var>${chrome_options}</var>
<kw name="Evaluate" library="BuiltIn">
<var>${chrome_options}</var>
<arg>sys.modules['selenium.webdriver'].ChromeOptions()</arg>
<arg>sys</arg>
<doc>Evaluates the given expression in Python and returns the result.</doc>
<msg timestamp="20250217 15:41:03.051" level="INFO">${chrome_options} = &lt;selenium.webdriver.chrome.options.Options object at 0x00000172F0D0CB90&gt;</msg>
<status status="PASS" starttime="20250217 15:41:03.051" endtime="20250217 15:41:03.051"/>
</kw>
<msg timestamp="20250217 15:41:03.051" level="INFO">${chrome_options} = &lt;selenium.webdriver.chrome.options.Options object at 0x00000172F0D0CB90&gt;</msg>
<status status="PASS" starttime="20250217 15:41:03.050" endtime="20250217 15:41:03.051"/>
</kw>
<kw name="Update Preferences List" library="Support_Web">
<arg>${chrome_options}</arg>
<arg>@{list_prefs}</arg>
<kw name="Convert To String" library="BuiltIn">
<var>${string_prefs}</var>
<arg>${list_prefs}</arg>
<doc>Converts the given item to a Unicode string.</doc>
<msg timestamp="20250217 15:41:03.052" level="INFO">${string_prefs} = [[]]</msg>
<status status="PASS" starttime="20250217 15:41:03.052" endtime="20250217 15:41:03.052"/>
</kw>
<kw name="Return From Keyword If" library="BuiltIn">
<arg>${string_prefs} == [[]]</arg>
<doc>Returns from the enclosing user keyword if ``condition`` is true.</doc>
<msg timestamp="20250217 15:41:03.053" level="INFO">Returning from the enclosing user keyword.</msg>
<status status="PASS" starttime="20250217 15:41:03.052" endtime="20250217 15:41:03.053"/>
</kw>
<for flavor="IN">
<var>${preference}</var>
<value>@{list_prefs}</value>
<iter>
<var name="${preference}"/>
<kw name="Call Method" library="BuiltIn">
<arg>${chrome_options}</arg>
<arg>add_argument</arg>
<arg>${preference}</arg>
<doc>Calls the named method of the given object with the provided arguments.</doc>
<status status="NOT RUN" starttime="20250217 15:41:03.053" endtime="20250217 15:41:03.053"/>
</kw>
<status status="NOT RUN" starttime="20250217 15:41:03.053" endtime="20250217 15:41:03.054"/>
</iter>
<status status="NOT RUN" starttime="20250217 15:41:03.053" endtime="20250217 15:41:03.054"/>
</for>
<status status="PASS" starttime="20250217 15:41:03.051" endtime="20250217 15:41:03.054"/>
</kw>
<kw name="Call Method" library="BuiltIn">
<arg>${chrome_options}</arg>
<arg>add_experimental_option</arg>
<arg>prefs</arg>
<arg>${kw_prefs}</arg>
<doc>Calls the named method of the given object with the provided arguments.</doc>
<status status="PASS" starttime="20250217 15:41:03.054" endtime="20250217 15:41:03.054"/>
</kw>
<kw name="Set Global Variable" library="BuiltIn">
<arg>${global_browser_options}</arg>
<arg>${chrome options}</arg>
<doc>Makes a variable available globally in all tests and suites.</doc>
<msg timestamp="20250217 15:41:03.055" level="INFO">${global_browser_options} = &lt;selenium.webdriver.chrome.options.Options object at 0x00000172F0D0CB90&gt;</msg>
<status status="PASS" starttime="20250217 15:41:03.054" endtime="20250217 15:41:03.055"/>
</kw>
<status status="PASS" starttime="20250217 15:41:03.045" endtime="20250217 15:41:03.055"/>
</kw>
<status status="PASS" starttime="20250217 15:40:59.625" endtime="20250217 15:41:03.055"/>
</kw>
<status status="PASS" starttime="20250217 15:40:59.625" endtime="20250217 15:41:03.055"/>
</kw>
<status status="PASS" starttime="20250217 15:40:59.624" endtime="20250217 15:41:03.055"/>
</kw>
<kw name="Set Suite Metadata" library="BuiltIn">
<arg>environment</arg>
<arg>${test_server}</arg>
<doc>Sets metadata for the current test suite.</doc>
<msg timestamp="20250217 15:41:03.056" level="INFO">Set suite metadata 'environment' to value 'Dev'.</msg>
<status status="PASS" starttime="20250217 15:41:03.055" endtime="20250217 15:41:03.056"/>
</kw>
<status status="PASS" starttime="20250217 15:40:59.617" endtime="20250217 15:41:03.056"/>
</kw>
<suite id="s1-s1" name="Test spam patch enhance" source="D:\Replay\Symphonyreplay\Tests\Test_spam_patch_enhance.robot">
<kw name="System Logon" library="Spam_Patch_enhance" type="SETUP">
<kw name="Start Process" library="Process">
<arg>${symvar('EXE_PAD')}</arg>
<doc>Starts a new process on background.</doc>
<msg timestamp="20250217 15:41:03.074" level="INFO">Sym.Dev.EXE_PAD: C:\Program Files\SAP\FrontEnd\SAPGUI\saplogon.exe</msg>
<msg timestamp="20250217 15:41:03.074" level="INFO">Starting process:
"C:\Program Files\SAP\FrontEnd\SAPGUI\saplogon.exe"</msg>
<status status="PASS" starttime="20250217 15:41:03.073" endtime="20250217 15:41:03.078"/>
</kw>
<kw name="Sleep" library="BuiltIn">
<arg>5s</arg>
<doc>Pauses the test executed for the given time.</doc>
<msg timestamp="20250217 15:41:08.078" level="INFO">Slept 5 seconds</msg>
<status status="PASS" starttime="20250217 15:41:03.078" endtime="20250217 15:41:08.078"/>
</kw>
<kw name="Connect To Session" library="CustomSapGuiLibrary">
<doc>Connects to an open session SAP.</doc>
<status status="PASS" starttime="20250217 15:41:08.079" endtime="20250217 15:41:08.088"/>
</kw>
<kw name="Sleep" library="BuiltIn">
<arg>5</arg>
<doc>Pauses the test executed for the given time.</doc>
<msg timestamp="20250217 15:41:13.090" level="INFO">Slept 5 seconds</msg>
<status status="PASS" starttime="20250217 15:41:08.089" endtime="20250217 15:41:13.090"/>
</kw>
<kw name="Open Connection" library="CustomSapGuiLibrary">
<arg>${symvar('Connection_Name')}</arg>
<doc>Opens a connection to the given connection name. Be sure to provide the full connection name, including the bracket part.</doc>
<msg timestamp="20250217 15:41:13.091" level="INFO">Sym.Dev.Connection_Name: M4D</msg>
<status status="PASS" starttime="20250217 15:41:13.090" endtime="20250217 15:41:13.625"/>
</kw>
<kw name="Sleep" library="BuiltIn">
<arg>5</arg>
<doc>Pauses the test executed for the given time.</doc>
<msg timestamp="20250217 15:41:18.626" level="INFO">Slept 5 seconds</msg>
<status status="PASS" starttime="20250217 15:41:13.625" endtime="20250217 15:41:18.626"/>
</kw>
<kw name="Input Text" library="CustomSapGuiLibrary">
<arg>wnd[0]/usr/txtRSYST-MANDT</arg>
<arg>${symvar('SAP_CLIENT')}</arg>
<doc>Inserts the given text into the text field identified by locator.
Use keyword `input password` to insert a password in a text field.</doc>
<msg timestamp="20250217 15:41:18.627" level="INFO">Sym.Dev.SAP_CLIENT: 000</msg>
<msg timestamp="20250217 15:41:18.636" level="INFO">Typing text '000' into text field 'wnd[0]/usr/txtRSYST-MANDT'.</msg>
<status status="PASS" starttime="20250217 15:41:18.627" endtime="20250217 15:41:18.636"/>
</kw>
<kw name="Sleep" library="BuiltIn">
<arg>1</arg>
<doc>Pauses the test executed for the given time.</doc>
<msg timestamp="20250217 15:41:19.638" level="INFO">Slept 1 second</msg>
<status status="PASS" starttime="20250217 15:41:18.637" endtime="20250217 15:41:19.638"/>
</kw>
<kw name="Input Text" library="CustomSapGuiLibrary">
<arg>wnd[0]/usr/txtRSYST-BNAME</arg>
<arg>${symvar('SAP_USER')}</arg>
<doc>Inserts the given text into the text field identified by locator.
Use keyword `input password` to insert a password in a text field.</doc>
<msg timestamp="20250217 15:41:19.639" level="INFO">Sym.Dev.SAP_USER: Xperi-tech</msg>
<msg timestamp="20250217 15:41:19.648" level="INFO">Typing text 'Xperi-tech' into text field 'wnd[0]/usr/txtRSYST-BNAME'.</msg>
<status status="PASS" starttime="20250217 15:41:19.638" endtime="20250217 15:41:19.648"/>
</kw>
<kw name="Sleep" library="BuiltIn">
<arg>1</arg>
<doc>Pauses the test executed for the given time.</doc>
<msg timestamp="20250217 15:41:20.649" level="INFO">Slept 1 second</msg>
<status status="PASS" starttime="20250217 15:41:19.649" endtime="20250217 15:41:20.650"/>
</kw>
<kw name="Input Password" library="CustomSapGuiLibrary">
<arg>wnd[0]/usr/pwdRSYST-BCODE</arg>
<arg>${symvar('SAP_PASSWORD')}</arg>
<doc>Inserts the given password into the text field identified by locator.
The password is not recorded in the log.</doc>
<msg timestamp="20250217 15:41:20.651" level="INFO">Sym.Dev.SAP_PASSWORD: Xperi000!2</msg>
<msg timestamp="20250217 15:41:20.658" level="INFO">Typing password into text field 'wnd[0]/usr/pwdRSYST-BCODE'.</msg>
<status status="PASS" starttime="20250217 15:41:20.650" endtime="20250217 15:41:20.658"/>
</kw>
<kw name="Sleep" library="BuiltIn">
<arg>2</arg>
<doc>Pauses the test executed for the given time.</doc>
<msg timestamp="20250217 15:41:22.659" level="INFO">Slept 2 seconds</msg>
<status status="PASS" starttime="20250217 15:41:20.658" endtime="20250217 15:41:22.659"/>
</kw>
<kw name="Send Vkey" library="CustomSapGuiLibrary">
<arg>0</arg>
<doc>Sends a SAP virtual key combination to the window, not into an element.
If you want to send a value to a text field, use `input text` instead.</doc>
<status status="PASS" starttime="20250217 15:41:22.659" endtime="20250217 15:41:22.993"/>
</kw>
<kw name="Sleep" library="BuiltIn">
<arg>5</arg>
<doc>Pauses the test executed for the given time.</doc>
<msg timestamp="20250217 15:41:27.994" level="INFO">Slept 5 seconds</msg>
<status status="PASS" starttime="20250217 15:41:22.994" endtime="20250217 15:41:27.995"/>
</kw>
<kw name="Take Screenshot" library="CustomSapGuiLibrary">
<arg>01_loginpage.jpg</arg>
<doc>Takes a screenshot, only if 'screenshots on error' has been enabled,
either at import of with keyword `enable screenshots on error`.</doc>
<msg timestamp="20250217 15:41:28.095" level="INFO" html="true">&lt;a href="01_loginpage.jpg"&gt;&lt;img src="01_loginpage.jpg" width="800px"&gt;&lt;/a&gt;</msg>
<status status="PASS" starttime="20250217 15:41:27.995" endtime="20250217 15:41:28.095"/>
</kw>
<kw name="Multiple Logon Handling" library="CustomSapGuiLibrary">
<arg>wnd[1]</arg>
<arg>wnd[1]/usr/radMULTI_LOGON_OPT2</arg>
<arg>wnd[1]/tbar[0]/btn[0]</arg>
<status status="PASS" starttime="20250217 15:41:28.096" endtime="20250217 15:41:28.097"/>
</kw>
<kw name="Sleep" library="BuiltIn">
<arg>1</arg>
<doc>Pauses the test executed for the given time.</doc>
<msg timestamp="20250217 15:41:29.098" level="INFO">Slept 1 second</msg>
<status status="PASS" starttime="20250217 15:41:28.097" endtime="20250217 15:41:29.098"/>
</kw>
<kw name="Take Screenshot" library="CustomSapGuiLibrary">
<arg>00_multi_logon_handling.jpg</arg>
<doc>Takes a screenshot, only if 'screenshots on error' has been enabled,
either at import of with keyword `enable screenshots on error`.</doc>
<msg timestamp="20250217 15:41:29.156" level="INFO" html="true">&lt;a href="00_multi_logon_handling.jpg"&gt;&lt;img src="00_multi_logon_handling.jpg" width="800px"&gt;&lt;/a&gt;</msg>
<status status="PASS" starttime="20250217 15:41:29.098" endtime="20250217 15:41:29.156"/>
</kw>
<status status="PASS" starttime="20250217 15:41:03.073" endtime="20250217 15:41:29.156"/>
</kw>
<test id="s1-s1-t1" name="Check_Spam_update" line="9">
<kw name="Spam Transaction" library="Spam_Patch_enhance">
<kw name="Run Transaction" library="CustomSapGuiLibrary">
<arg>spam</arg>
<doc>Runs a Sap transaction. An error is given when an unknown transaction is specified.</doc>
<status status="PASS" starttime="20250217 15:41:29.157" endtime="20250217 15:41:29.560"/>
</kw>
<kw name="Sleep" library="BuiltIn">
<arg>5</arg>
<doc>Pauses the test executed for the given time.</doc>
<msg timestamp="20250217 15:41:34.561" level="INFO">Slept 5 seconds</msg>
<status status="PASS" starttime="20250217 15:41:29.560" endtime="20250217 15:41:34.561"/>
</kw>
<kw name="Take Screenshot" library="CustomSapGuiLibrary">
<arg>B01_spam.jpg</arg>
<doc>Takes a screenshot, only if 'screenshots on error' has been enabled,
either at import of with keyword `enable screenshots on error`.</doc>
<msg timestamp="20250217 15:41:34.626" level="INFO" html="true">&lt;a href="B01_spam.jpg"&gt;&lt;img src="B01_spam.jpg" width="800px"&gt;&lt;/a&gt;</msg>
<status status="PASS" starttime="20250217 15:41:34.562" endtime="20250217 15:41:34.627"/>
</kw>
<status status="PASS" starttime="20250217 15:41:29.157" endtime="20250217 15:41:34.627"/>
</kw>
<kw name="Certificate Verification" library="Spam_Patch_enhance">
<kw name="Get Maintenance Certificate Text" library="CustomSapGuiLibrary">
<arg>wnd[0]/sbar/pane[0]</arg>
<msg timestamp="20250217 15:41:34.630" level="INFO">License available to proceed further</msg>
<status status="PASS" starttime="20250217 15:41:34.627" endtime="20250217 15:41:34.630"/>
</kw>
<kw name="Sleep" library="BuiltIn">
<arg>2</arg>
<doc>Pauses the test executed for the given time.</doc>
<msg timestamp="20250217 15:41:36.631" level="INFO">Slept 2 seconds</msg>
<status status="PASS" starttime="20250217 15:41:34.631" endtime="20250217 15:41:36.632"/>
</kw>
<kw name="Take Screenshot" library="CustomSapGuiLibrary">
<arg>C01_Certificate.jpg</arg>
<doc>Takes a screenshot, only if 'screenshots on error' has been enabled,
either at import of with keyword `enable screenshots on error`.</doc>
<msg timestamp="20250217 15:41:36.685" level="INFO" html="true">&lt;a href="C01_Certificate.jpg"&gt;&lt;img src="C01_Certificate.jpg" width="800px"&gt;&lt;/a&gt;</msg>
<status status="PASS" starttime="20250217 15:41:36.632" endtime="20250217 15:41:36.685"/>
</kw>
<status status="PASS" starttime="20250217 15:41:34.627" endtime="20250217 15:41:36.686"/>
</kw>
<kw name="Loading package" library="Spam_Patch_enhance">
<kw name="Click Element" library="CustomSapGuiLibrary">
<arg>wnd[0]/mbar/menu[0]/menu[0]/menu[1]</arg>
<doc>Performs a single click on a given element. Used only for buttons, tabs and menu items.</doc>
<status status="PASS" starttime="20250217 15:41:36.686" endtime="20250217 15:41:36.817"/>
</kw>
<kw name="Sleep" library="BuiltIn">
<arg>2</arg>
<doc>Pauses the test executed for the given time.</doc>
<msg timestamp="20250217 15:41:38.818" level="INFO">Slept 2 seconds</msg>
<status status="PASS" starttime="20250217 15:41:36.818" endtime="20250217 15:41:38.819"/>
</kw>
<kw name="Take Screenshot" library="CustomSapGuiLibrary">
<arg>D01_Load_1.jpg</arg>
<doc>Takes a screenshot, only if 'screenshots on error' has been enabled,
either at import of with keyword `enable screenshots on error`.</doc>
<msg timestamp="20250217 15:41:38.875" level="INFO" html="true">&lt;a href="D01_Load_1.jpg"&gt;&lt;img src="D01_Load_1.jpg" width="800px"&gt;&lt;/a&gt;</msg>
<status status="PASS" starttime="20250217 15:41:38.819" endtime="20250217 15:41:38.876"/>
</kw>
<kw name="Click Element" library="CustomSapGuiLibrary">
<arg>wnd[1]/usr/btnSPOP-OPTION1</arg>
<doc>Performs a single click on a given element. Used only for buttons, tabs and menu items.</doc>
<status status="PASS" starttime="20250217 15:41:38.876" endtime="20250217 15:41:40.990"/>
</kw>
<kw name="Sleep" library="BuiltIn">
<arg>2</arg>
<doc>Pauses the test executed for the given time.</doc>
<msg timestamp="20250217 15:41:42.993" level="INFO">Slept 2 seconds</msg>
<status status="PASS" starttime="20250217 15:41:40.990" endtime="20250217 15:41:42.993"/>
</kw>
<kw name="Take Screenshot" library="CustomSapGuiLibrary">
<arg>D02_Load_2.jpg</arg>
<doc>Takes a screenshot, only if 'screenshots on error' has been enabled,
either at import of with keyword `enable screenshots on error`.</doc>
<msg timestamp="20250217 15:41:43.063" level="INFO" html="true">&lt;a href="D02_Load_2.jpg"&gt;&lt;img src="D02_Load_2.jpg" width="800px"&gt;&lt;/a&gt;</msg>
<status status="PASS" starttime="20250217 15:41:42.993" endtime="20250217 15:41:43.064"/>
</kw>
<kw name="Click Element" library="CustomSapGuiLibrary">
<arg>wnd[0]/tbar[0]/btn[3]</arg>
<doc>Performs a single click on a given element. Used only for buttons, tabs and menu items.</doc>
<status status="PASS" starttime="20250217 15:41:43.064" endtime="20250217 15:41:43.242"/>
</kw>
<kw name="Sleep" library="BuiltIn">
<arg>2</arg>
<doc>Pauses the test executed for the given time.</doc>
<msg timestamp="20250217 15:41:45.243" level="INFO">Slept 2 seconds</msg>
<status status="PASS" starttime="20250217 15:41:43.242" endtime="20250217 15:41:45.244"/>
</kw>
<kw name="Take Screenshot" library="CustomSapGuiLibrary">
<arg>D03_Load_3.jpg</arg>
<doc>Takes a screenshot, only if 'screenshots on error' has been enabled,
either at import of with keyword `enable screenshots on error`.</doc>
<msg timestamp="20250217 15:41:45.311" level="INFO" html="true">&lt;a href="D03_Load_3.jpg"&gt;&lt;img src="D03_Load_3.jpg" width="800px"&gt;&lt;/a&gt;</msg>
<status status="PASS" starttime="20250217 15:41:45.244" endtime="20250217 15:41:45.311"/>
</kw>
<status status="PASS" starttime="20250217 15:41:36.686" endtime="20250217 15:41:45.311"/>
</kw>
<kw name="Display/Define" library="Spam_Patch_enhance">
<kw name="Click Element" library="CustomSapGuiLibrary">
<arg>wnd[0]/usr/btnPAT100-QUEUE</arg>
<doc>Performs a single click on a given element. Used only for buttons, tabs and menu items.</doc>
<status status="PASS" starttime="20250217 15:41:45.312" endtime="20250217 15:41:45.830"/>
</kw>
<kw name="Sleep" library="BuiltIn">
<arg>2</arg>
<doc>Pauses the test executed for the given time.</doc>
<msg timestamp="20250217 15:41:47.831" level="INFO">Slept 2 seconds</msg>
<status status="PASS" starttime="20250217 15:41:45.831" endtime="20250217 15:41:47.832"/>
</kw>
<kw name="Take Screenshot" library="CustomSapGuiLibrary">
<arg>E01_Display.jpg</arg>
<doc>Takes a screenshot, only if 'screenshots on error' has been enabled,
either at import of with keyword `enable screenshots on error`.</doc>
<msg timestamp="20250217 15:41:47.874" level="INFO" html="true">&lt;a href="E01_Display.jpg"&gt;&lt;img src="E01_Display.jpg" width="800px"&gt;&lt;/a&gt;</msg>
<status status="PASS" starttime="20250217 15:41:47.832" endtime="20250217 15:41:47.874"/>
</kw>
<status status="PASS" starttime="20250217 15:41:45.311" endtime="20250217 15:41:47.874"/>
</kw>
<kw name="Spam software selection" library="Spam_Patch_enhance">
<kw name="Click Element" library="CustomSapGuiLibrary">
<arg>wnd[1]/tbar[0]/btn[7]</arg>
<doc>Performs a single click on a given element. Used only for buttons, tabs and menu items.</doc>
<status status="PASS" starttime="20250217 15:41:47.875" endtime="20250217 15:41:48.480"/>
</kw>
<kw name="Sleep" library="BuiltIn">
<arg>2</arg>
<doc>Pauses the test executed for the given time.</doc>
<msg timestamp="20250217 15:41:50.481" level="INFO">Slept 2 seconds</msg>
<status status="PASS" starttime="20250217 15:41:48.480" endtime="20250217 15:41:50.482"/>
</kw>
<kw name="Take Screenshot" library="CustomSapGuiLibrary">
<arg>F01_patch_1.jpg</arg>
<doc>Takes a screenshot, only if 'screenshots on error' has been enabled,
either at import of with keyword `enable screenshots on error`.</doc>
<msg timestamp="20250217 15:41:50.540" level="INFO" html="true">&lt;a href="F01_patch_1.jpg"&gt;&lt;img src="F01_patch_1.jpg" width="800px"&gt;&lt;/a&gt;</msg>
<status status="PASS" starttime="20250217 15:41:50.482" endtime="20250217 15:41:50.541"/>
</kw>
<kw name="Spam Multiple Patch Version Select" library="CustomSapGuiLibrary">
<arg>${comp_id}</arg>
<arg>${search_comp}</arg>
<arg>${search_patch}</arg>
<msg timestamp="20250217 15:41:50.542" level="FAIL">ValueError: malformed node or string on line 1: &lt;ast.Name object at 0x00000172F1955210&gt;</msg>
<status status="FAIL" starttime="20250217 15:41:50.541" endtime="20250217 15:41:50.545"/>
</kw>
<kw name="Sleep" library="BuiltIn">
<arg>4</arg>
<doc>Pauses the test executed for the given time.</doc>
<status status="NOT RUN" starttime="20250217 15:41:50.545" endtime="20250217 15:41:50.546"/>
</kw>
<kw name="Take Screenshot" library="CustomSapGuiLibrary">
<arg>F02_patch_2.jpg</arg>
<doc>Takes a screenshot, only if 'screenshots on error' has been enabled,
either at import of with keyword `enable screenshots on error`.</doc>
<status status="NOT RUN" starttime="20250217 15:41:50.546" endtime="20250217 15:41:50.546"/>
</kw>
<kw name="Click Element" library="CustomSapGuiLibrary">
<arg>wnd[1]/tbar[0]/btn[0]</arg>
<doc>Performs a single click on a given element. Used only for buttons, tabs and menu items.</doc>
<status status="NOT RUN" starttime="20250217 15:41:50.546" endtime="20250217 15:41:50.546"/>
</kw>
<kw name="Sleep" library="BuiltIn">
<arg>2</arg>
<doc>Pauses the test executed for the given time.</doc>
<status status="NOT RUN" starttime="20250217 15:41:50.547" endtime="20250217 15:41:50.547"/>
</kw>
<kw name="Take Screenshot" library="CustomSapGuiLibrary">
<arg>F03_patch_3.jpg</arg>
<doc>Takes a screenshot, only if 'screenshots on error' has been enabled,
either at import of with keyword `enable screenshots on error`.</doc>
<status status="NOT RUN" starttime="20250217 15:41:50.547" endtime="20250217 15:41:50.547"/>
</kw>
<kw name="Click Element" library="CustomSapGuiLibrary">
<arg>wnd[1]/tbar[0]/btn[0]</arg>
<doc>Performs a single click on a given element. Used only for buttons, tabs and menu items.</doc>
<status status="NOT RUN" starttime="20250217 15:41:50.548" endtime="20250217 15:41:50.548"/>
</kw>
<kw name="Sleep" library="BuiltIn">
<arg>2</arg>
<doc>Pauses the test executed for the given time.</doc>
<status status="NOT RUN" starttime="20250217 15:41:50.548" endtime="20250217 15:41:50.548"/>
</kw>
<kw name="Take Screenshot" library="CustomSapGuiLibrary">
<arg>F04_patch_4.jpg</arg>
<doc>Takes a screenshot, only if 'screenshots on error' has been enabled,
either at import of with keyword `enable screenshots on error`.</doc>
<status status="NOT RUN" starttime="20250217 15:41:50.548" endtime="20250217 15:41:50.548"/>
</kw>
<status status="FAIL" starttime="20250217 15:41:47.874" endtime="20250217 15:41:50.549"/>
</kw>
<kw name="Important SAP note handling" library="Spam_Patch_enhance">
<status status="NOT RUN" starttime="20250217 15:41:50.549" endtime="20250217 15:41:50.549"/>
</kw>
<tag>Regression</tag>
<tag>spampatchenhance</tag>
<status status="FAIL" starttime="20250217 15:41:29.156" endtime="20250217 15:41:50.549">ValueError: malformed node or string on line 1: &lt;ast.Name object at 0x00000172F1955210&gt;</status>
</test>
<test id="s1-s1-t2" name="Import Queue" line="17">
<kw name="Importing queue from support package" library="Spam_Patch_enhance">
<kw name="Click Element" library="CustomSapGuiLibrary">
<arg>wnd[0]/mbar/menu[0]/menu[3]</arg>
<doc>Performs a single click on a given element. Used only for buttons, tabs and menu items.</doc>
<status status="PASS" starttime="20250217 15:41:50.551" endtime="20250217 15:41:50.628"/>
</kw>
<kw name="Click Element" library="CustomSapGuiLibrary">
<arg>wnd[1]/tbar[0]/btn[0]</arg>
<doc>Performs a single click on a given element. Used only for buttons, tabs and menu items.</doc>
<status status="PASS" starttime="20250217 15:41:50.628" endtime="20250217 15:41:50.756"/>
</kw>
<kw name="Take Screenshot" library="CustomSapGuiLibrary">
<arg>H01_Imp_que_1.jpg</arg>
<doc>Takes a screenshot, only if 'screenshots on error' has been enabled,
either at import of with keyword `enable screenshots on error`.</doc>
<msg timestamp="20250217 15:41:50.818" level="INFO" html="true">&lt;a href="H01_Imp_que_1.jpg"&gt;&lt;img src="H01_Imp_que_1.jpg" width="800px"&gt;&lt;/a&gt;</msg>
<status status="PASS" starttime="20250217 15:41:50.756" endtime="20250217 15:41:50.818"/>
</kw>
<kw name="Click Element" library="CustomSapGuiLibrary">
<arg>wnd[1]/tbar[0]/btn[27]</arg>
<doc>Performs a single click on a given element. Used only for buttons, tabs and menu items.</doc>
<msg timestamp="20250217 15:41:50.873" level="INFO" html="true">&lt;a href="sap-screenshot_1.jpg"&gt;&lt;img src="sap-screenshot_1.jpg" width="800px"&gt;&lt;/a&gt;</msg>
<msg timestamp="20250217 15:41:50.873" level="FAIL">ValueError: Cannot find element with id 'wnd[1]/tbar[0]/btn[27]'</msg>
<status status="FAIL" starttime="20250217 15:41:50.818" endtime="20250217 15:41:50.874"/>
</kw>
<kw name="Take Screenshot" library="CustomSapGuiLibrary">
<arg>H02_Start_options.jpg</arg>
<doc>Takes a screenshot, only if 'screenshots on error' has been enabled,
either at import of with keyword `enable screenshots on error`.</doc>
<status status="NOT RUN" starttime="20250217 15:41:50.874" endtime="20250217 15:41:50.874"/>
</kw>
<kw name="Sleep" library="BuiltIn">
<arg>1</arg>
<doc>Pauses the test executed for the given time.</doc>
<status status="NOT RUN" starttime="20250217 15:41:50.874" endtime="20250217 15:41:50.874"/>
</kw>
<kw name="Select Radio Button" library="CustomSapGuiLibrary">
<arg>wnd[1]/usr/tabsSTART_OPTIONS/tabpSTART_FC1/ssubSTART_OPTIONS_SCA:SAPLOCS_UI:0701/radLAY0700-RB1_BTCHIM</arg>
<doc>Sets radio button to the specified value.</doc>
<status status="NOT RUN" starttime="20250217 15:41:50.875" endtime="20250217 15:41:50.875"/>
</kw>
<kw name="Sleep" library="BuiltIn">
<arg>1</arg>
<doc>Pauses the test executed for the given time.</doc>
<status status="NOT RUN" starttime="20250217 15:41:50.875" endtime="20250217 15:41:50.875"/>
</kw>
<kw name="Take Screenshot" library="CustomSapGuiLibrary">
<arg>H03_Start_bkgd.jpg</arg>
<doc>Takes a screenshot, only if 'screenshots on error' has been enabled,
either at import of with keyword `enable screenshots on error`.</doc>
<status status="NOT RUN" starttime="20250217 15:41:50.875" endtime="20250217 15:41:50.875"/>
</kw>
<kw name="Click Element" library="CustomSapGuiLibrary">
<arg>wnd[1]/tbar[0]/btn[0]</arg>
<doc>Performs a single click on a given element. Used only for buttons, tabs and menu items.</doc>
<status status="NOT RUN" starttime="20250217 15:41:50.875" endtime="20250217 15:41:50.875"/>
</kw>
<kw name="Sleep" library="BuiltIn">
<arg>1</arg>
<doc>Pauses the test executed for the given time.</doc>
<status status="NOT RUN" starttime="20250217 15:41:50.875" endtime="20250217 15:41:50.875"/>
</kw>
<kw name="Take Screenshot" library="CustomSapGuiLibrary">
<arg>H04_Start_bkgd_2.jpg</arg>
<doc>Takes a screenshot, only if 'screenshots on error' has been enabled,
either at import of with keyword `enable screenshots on error`.</doc>
<status status="NOT RUN" starttime="20250217 15:41:50.875" endtime="20250217 15:41:50.875"/>
</kw>
<kw name="Click Element" library="CustomSapGuiLibrary">
<arg>wnd[1]/tbar[0]/btn[25]</arg>
<doc>Performs a single click on a given element. Used only for buttons, tabs and menu items.</doc>
<status status="NOT RUN" starttime="20250217 15:41:50.876" endtime="20250217 15:41:50.876"/>
</kw>
<kw name="Take Screenshot" library="CustomSapGuiLibrary">
<arg>H05_Start_bkgd_3.jpg</arg>
<doc>Takes a screenshot, only if 'screenshots on error' has been enabled,
either at import of with keyword `enable screenshots on error`.</doc>
<status status="NOT RUN" starttime="20250217 15:41:50.876" endtime="20250217 15:41:50.876"/>
</kw>
<kw name="Sleep" library="BuiltIn">
<arg>1</arg>
<doc>Pauses the test executed for the given time.</doc>
<status status="NOT RUN" starttime="20250217 15:41:50.876" endtime="20250217 15:41:50.876"/>
</kw>
<status status="FAIL" starttime="20250217 15:41:50.551" endtime="20250217 15:41:50.876"/>
</kw>
<kw name="Confirm Queue" library="Spam_Patch_enhance">
<status status="NOT RUN" starttime="20250217 15:41:50.876" endtime="20250217 15:41:50.876"/>
</kw>
<tag>Regression</tag>
<tag>spampatchenhance</tag>
<status status="FAIL" starttime="20250217 15:41:50.551" endtime="20250217 15:41:50.877">ValueError: Cannot find element with id 'wnd[1]/tbar[0]/btn[27]'</status>
</test>
<status status="FAIL" starttime="20250217 15:41:03.056" endtime="20250217 15:41:50.877"/>
</suite>
<doc>Testing functionality through Robot Framework</doc>
<meta name="environment">Dev</meta>
<meta name="test_browser_name">chrome</meta>
<meta name="test_browser_version">132.0.6834.197</meta>
<meta name="test_driver_version">132.0.6834.110 </meta>
<meta name="test_environment">Dev</meta>
<meta name="test_freeze_dependencies">astroid==3.3.8,attrs==25.1.0,beautifulsoup4==4.13.0,bs4==0.0.2,certifi==2025.1.31,cffi==1.17.1,chardet==5.2.0,charset-normalizer==3.4.1,click==8.1.8,colorama==0.4.6,cryptography==44.0.0,defusedxml==0.7.1,dill==0.3.9,docutils==0.21.2,et_xmlfile==2.0.0,exceptiongroup==1.2.2,gitdb==4.0.12,GitPython==3.1.44,h11==0.14.0,idna==3.10,isort==6.0.0,Jinja2==3.1.5,jira==3.8.0,jsonpath-ng==1.7.0,jsonschema==4.23.0,jsonschema-specifications==2024.10.1,lazy-object-proxy==1.10.0,lxml==5.3.0,markdown-it-py==3.0.0,MarkupSafe==3.0.2,mccabe==0.7.0,mdurl==0.1.2,natsort==8.4.0,oauthlib==3.2.2,openpyxl==3.1.5,outcome==1.3.0.post0,packaging==24.2,pathspec==0.11.2,pillow==11.1.0,pip==25.0,platformdirs==4.3.6,ply==3.11,pycparser==2.22,Pygments==2.19.1,pylint==3.3.4,PyPDF2==3.0.1,PySocks==1.7.1,pywin32==308,PyYAML==6.0.2,referencing==0.36.2,reportlab==4.3.0,requests==2.32.3,requests-oauthlib==2.0.0,requests-toolbelt==1.0.0,rich==13.9.4,rich-click==1.6.1,robotframework==6.0.2,robotframework-datadriver==1.9.0,robotframework-excellib==2.0.1,robotframework-jsonlibrary==0.5,robotframework-pabot==2.16.0,robotframework-pythonlibcore==4.2.0,robotframework-requests==0.9.2,robotframework-sapguilibrary==1.1,robotframework-seleniumlibrary==5.1.3,robotframework-stacktrace==0.4.1,robotframework-tidy==4.5.0,rpds-py==0.22.3,selenium==4.9.1,setuptools==75.8.0,smmap==5.0.2,sniffio==1.3.1,sortedcontainers==2.4.0,soupsieve==2.6,tomli==2.0.2,tomlkit==0.13.2,trio==0.28.0,trio-websocket==0.11.1,typing_extensions==4.12.2,urllib3==2.3.0,wheel==0.45.1,wrapt==1.17.2,wsproto==1.2.0</meta>
<status status="FAIL" starttime="20250217 15:40:59.265" endtime="20250217 15:41:50.936"/>
</suite>
<statistics>
<total>
<stat pass="0" fail="2" skip="0">All Tests</stat>
</total>
<tag>
<stat pass="0" fail="2" skip="0">Regression</stat>
<stat pass="0" fail="2" skip="0">spampatchenhance</stat>
</tag>
<suite>
<stat pass="0" fail="2" skip="0" id="s1" name="Tests">Tests</stat>
<stat pass="0" fail="2" skip="0" id="s1-s1" name="Test spam patch enhance">Tests.Test spam patch enhance</stat>
</suite>
</statistics>
<errors>
</errors>
</robot>
