<?xml version="1.0" encoding="UTF-8"?>
<robot generator="Robot 6.0.2 (Python 3.13.1 on win32)" generated="20250320 11:02:49.402" rpa="false" schemaversion="3">
<suite id="s1" name="Tests" source="D:\Replay\Symphonyreplay\Tests">
<kw name="Setup highest level suite" type="SETUP">
<kw name="Set Variable" library="BuiltIn">
<var>${d.test_server}</var>
<arg>${test_server}</arg>
<doc>Returns the given values which can then be assigned to a variables.</doc>
<msg timestamp="20250320 11:02:50.209" level="INFO">${d.test_server} = Dev</msg>
<status status="PASS" starttime="20250320 11:02:50.209" endtime="20250320 11:02:50.210"/>
</kw>
<kw name="Reset screenshot count variable" library="Support">
<kw name="Set Variable" library="BuiltIn">
<var>${screenshotCount}</var>
<arg>${PABOTQUEUEINDEX}_1</arg>
<doc>Returns the given values which can then be assigned to a variables.</doc>
<msg timestamp="20250320 11:02:50.210" level="INFO">${screenshotCount} = 0_1</msg>
<status status="PASS" starttime="20250320 11:02:50.210" endtime="20250320 11:02:50.210"/>
</kw>
<kw name="Set Global Variable" library="BuiltIn">
<arg>${screenshotCount}</arg>
<doc>Makes a variable available globally in all tests and suites.</doc>
<msg timestamp="20250320 11:02:50.211" level="INFO">${screenshotCount} = 0_1</msg>
<status status="PASS" starttime="20250320 11:02:50.210" endtime="20250320 11:02:50.211"/>
</kw>
<kw name="Set up screenshot directory" library="Support">
<kw name="Create Directory" library="OperatingSystem">
<arg>${OUTPUTDIR}${/}${wvar('screenshot_dir')}</arg>
<doc>Creates the specified directory.</doc>
<msg timestamp="20250320 11:02:50.212" level="INFO">Web.Dev.screenshot_dir: Screenshot</msg>
<msg timestamp="20250320 11:02:50.212" level="INFO" html="true">Created directory '&lt;a href="file://D:\Replay\Symphonyreplay\Output\b1d51e0e-568f-4a1f-8b03-a5216d85b9dd\pabot_results\0\Screenshot"&gt;D:\Replay\Symphonyreplay\Output\b1d51e0e-568f-4a1f-8b03-a5216d85b9dd\pabot_results\0\Screenshot&lt;/a&gt;'.</msg>
<status status="PASS" starttime="20250320 11:02:50.211" endtime="20250320 11:02:50.212"/>
</kw>
<status status="PASS" starttime="20250320 11:02:50.211" endtime="20250320 11:02:50.212"/>
</kw>
<status status="PASS" starttime="20250320 11:02:50.210" endtime="20250320 11:02:50.212"/>
</kw>
<kw name="Set Global Variable" library="BuiltIn">
<arg>${screenshot_taking}</arg>
<arg>${True}</arg>
<doc>Makes a variable available globally in all tests and suites.</doc>
<msg timestamp="20250320 11:02:50.213" level="INFO">${screenshot_taking} = True</msg>
<status status="PASS" starttime="20250320 11:02:50.213" endtime="20250320 11:02:50.213"/>
</kw>
<kw name="Setup linux execution" library="Support">
<kw name="Run Keyword And Return Status" library="BuiltIn">
<var>${web_test_check}</var>
<arg>Variable Should Exist</arg>
<arg>${web_test}</arg>
<doc>Runs the given keyword with given arguments and returns the status as a Boolean value.</doc>
<kw name="Variable Should Exist" library="BuiltIn">
<arg>${web_test}</arg>
<doc>Fails unless the given variable exists within the current scope.</doc>
<status status="PASS" starttime="20250320 11:02:50.214" endtime="20250320 11:02:50.214"/>
</kw>
<msg timestamp="20250320 11:02:50.214" level="INFO">${web_test_check} = True</msg>
<status status="PASS" starttime="20250320 11:02:50.213" endtime="20250320 11:02:50.214"/>
</kw>
<kw name="Run Keyword If" library="BuiltIn">
<arg>${web_test_check}</arg>
<arg>Setup Docker Execution Options</arg>
<doc>Runs the given keyword with the given arguments, if ``condition`` is true.</doc>
<kw name="Setup Docker Execution Options" library="Support_Web">
<kw name="Setup Suite Metadata" library="Support_Web">
<arg>${browser}</arg>
<kw name="Get Browser Metadata" library="BrowserSupport">
<var>&amp;{browser_information}</var>
<arg>browser=${browser}</arg>
<doc>Fetches browser metadata information
:param browser: Name of the browser for which information is fetched
:param reload: Re-read the metadata based on the browser
:return: Browser metadata information, dict of format
            {"browser_version": browser version value,
             "driver_version": driver version value}</doc>
<msg timestamp="20250320 11:02:53.437" level="INFO">&amp;{browser_information} = { browser_version=133.0.6943.127 | driver_version=132.0.6834.110  }</msg>
<status status="PASS" starttime="20250320 11:02:50.215" endtime="20250320 11:02:53.437"/>
</kw>
<kw name="Set Suite Metadata" library="BuiltIn">
<arg>test_browser_name</arg>
<arg>${browser}</arg>
<doc>Sets metadata for the current test suite.</doc>
<msg timestamp="20250320 11:02:53.438" level="INFO">Set suite metadata 'test_browser_name' to value 'chrome'.</msg>
<status status="PASS" starttime="20250320 11:02:53.438" endtime="20250320 11:02:53.438"/>
</kw>
<kw name="Set Suite Metadata" library="BuiltIn">
<arg>test_browser_version</arg>
<arg>${browser_information.browser_version}</arg>
<doc>Sets metadata for the current test suite.</doc>
<msg timestamp="20250320 11:02:53.439" level="INFO">Set suite metadata 'test_browser_version' to value '133.0.6943.127'.</msg>
<status status="PASS" starttime="20250320 11:02:53.438" endtime="20250320 11:02:53.439"/>
</kw>
<kw name="Set Suite Metadata" library="BuiltIn">
<arg>test_driver_version</arg>
<arg>${browser_information.driver_version}</arg>
<doc>Sets metadata for the current test suite.</doc>
<msg timestamp="20250320 11:02:53.440" level="INFO">Set suite metadata 'test_driver_version' to value '132.0.6834.110 '.</msg>
<status status="PASS" starttime="20250320 11:02:53.439" endtime="20250320 11:02:53.440"/>
</kw>
<status status="PASS" starttime="20250320 11:02:50.215" endtime="20250320 11:02:53.440"/>
</kw>
<kw name="Setup Global Docker Execution Options" library="Support_Web">
<kw name="Set Global Variable" library="BuiltIn">
<arg>${global_browser_options}</arg>
<arg>None</arg>
<doc>Makes a variable available globally in all tests and suites.</doc>
<msg timestamp="20250320 11:02:53.442" level="INFO">${global_browser_options} = None</msg>
<status status="PASS" starttime="20250320 11:02:53.441" endtime="20250320 11:02:53.442"/>
</kw>
<kw name="Get Environment Variable" library="OperatingSystem">
<var>${docker_check}</var>
<arg>EXECUTION_ENVIRONMENT</arg>
<arg>not_found</arg>
<doc>Returns the value of an environment variable with the given name.</doc>
<msg timestamp="20250320 11:02:53.442" level="INFO">${docker_check} = not_found</msg>
<status status="PASS" starttime="20250320 11:02:53.442" endtime="20250320 11:02:53.442"/>
</kw>
<kw name="Run Keyword And Return If" library="BuiltIn">
<arg>"${docker_check}"!="docker"</arg>
<arg>Log</arg>
<arg>Not executing on Docker</arg>
<doc>Runs the specified keyword and returns from the enclosing user keyword.</doc>
<kw name="Log" library="BuiltIn">
<arg>Not executing on Docker</arg>
<doc>Logs the given message with the given level.</doc>
<msg timestamp="20250320 11:02:53.443" level="INFO">Not executing on Docker</msg>
<status status="PASS" starttime="20250320 11:02:53.443" endtime="20250320 11:02:53.443"/>
</kw>
<msg timestamp="20250320 11:02:53.443" level="INFO">Returning from the enclosing user keyword.</msg>
<status status="PASS" starttime="20250320 11:02:53.442" endtime="20250320 11:02:53.443"/>
</kw>
<kw name="Create List" library="BuiltIn">
<var>@{options}</var>
<arg>--headless</arg>
<arg>--no-sandbox</arg>
<arg>--disable-dev-shm-usage</arg>
<doc>Returns a list containing given items.</doc>
<status status="NOT RUN" starttime="20250320 11:02:53.443" endtime="20250320 11:02:53.443"/>
</kw>
<kw name="Set Global Variable" library="BuiltIn">
<arg>@{docker_options}</arg>
<arg>@{options}</arg>
<doc>Makes a variable available globally in all tests and suites.</doc>
<status status="NOT RUN" starttime="20250320 11:02:53.443" endtime="20250320 11:02:53.443"/>
</kw>
<status status="PASS" starttime="20250320 11:02:53.440" endtime="20250320 11:02:53.443"/>
</kw>
<kw name="Create Webdriver for chrome preferences" library="Support_Web">
<kw name="Update Docker Execution Options" library="Support_Web">
<var>${list_prefs}</var>
<arg>${list_prefs}</arg>
<kw name="Run Keyword And Return Status" library="BuiltIn">
<var>${docker_check}</var>
<arg>Variable Should Exist</arg>
<arg>${docker_options}</arg>
<doc>Runs the given keyword with given arguments and returns the status as a Boolean value.</doc>
<kw name="Variable Should Exist" library="BuiltIn">
<arg>${docker_options}</arg>
<doc>Fails unless the given variable exists within the current scope.</doc>
<msg timestamp="20250320 11:02:53.446" level="FAIL">Variable '${docker_options}' does not exist.</msg>
<status status="FAIL" starttime="20250320 11:02:53.445" endtime="20250320 11:02:53.446"/>
</kw>
<msg timestamp="20250320 11:02:53.446" level="INFO">${docker_check} = False</msg>
<status status="PASS" starttime="20250320 11:02:53.444" endtime="20250320 11:02:53.446"/>
</kw>
<kw name="Get Length" library="BuiltIn">
<var>${list_prefs_length}</var>
<arg>${list_prefs}</arg>
<doc>Returns and logs the length of the given item as an integer.</doc>
<msg timestamp="20250320 11:02:53.447" level="INFO">Length is 1</msg>
<msg timestamp="20250320 11:02:53.447" level="INFO">${list_prefs_length} = 1</msg>
<status status="PASS" starttime="20250320 11:02:53.447" endtime="20250320 11:02:53.447"/>
</kw>
<kw name="Run Keyword If" library="BuiltIn">
<var>${list_prefs}</var>
<arg>${docker_check} and ${list_prefs_length}&gt;0 and ${list_prefs}[0] != []</arg>
<arg>Combine Lists</arg>
<arg>${list_prefs}</arg>
<arg>${docker_options}</arg>
<arg>ELSE IF</arg>
<arg>${docker_check}</arg>
<arg>Set Variable</arg>
<arg>${docker_options}</arg>
<arg>ELSE</arg>
<arg>Set Variable</arg>
<arg>${list_prefs}</arg>
<doc>Runs the given keyword with the given arguments, if ``condition`` is true.</doc>
<kw name="Set Variable" library="BuiltIn">
<arg>${list_prefs}</arg>
<doc>Returns the given values which can then be assigned to a variables.</doc>
<status status="PASS" starttime="20250320 11:02:53.447" endtime="20250320 11:02:53.448"/>
</kw>
<msg timestamp="20250320 11:02:53.448" level="INFO">${list_prefs} = [[]]</msg>
<status status="PASS" starttime="20250320 11:02:53.447" endtime="20250320 11:02:53.448"/>
</kw>
<msg timestamp="20250320 11:02:53.448" level="INFO">${list_prefs} = [[]]</msg>
<status status="PASS" starttime="20250320 11:02:53.444" endtime="20250320 11:02:53.448"/>
</kw>
<kw name="Create Chrome Options for download preferences" library="Support_Web">
<var>${chrome_options}</var>
<kw name="Evaluate" library="BuiltIn">
<var>${chrome_options}</var>
<arg>sys.modules['selenium.webdriver'].ChromeOptions()</arg>
<arg>sys</arg>
<doc>Evaluates the given expression in Python and returns the result.</doc>
<msg timestamp="20250320 11:02:53.449" level="INFO">${chrome_options} = &lt;selenium.webdriver.chrome.options.Options object at 0x000001A8C3348A50&gt;</msg>
<status status="PASS" starttime="20250320 11:02:53.448" endtime="20250320 11:02:53.449"/>
</kw>
<msg timestamp="20250320 11:02:53.449" level="INFO">${chrome_options} = &lt;selenium.webdriver.chrome.options.Options object at 0x000001A8C3348A50&gt;</msg>
<status status="PASS" starttime="20250320 11:02:53.448" endtime="20250320 11:02:53.449"/>
</kw>
<kw name="Update Preferences List" library="Support_Web">
<arg>${chrome_options}</arg>
<arg>@{list_prefs}</arg>
<kw name="Convert To String" library="BuiltIn">
<var>${string_prefs}</var>
<arg>${list_prefs}</arg>
<doc>Converts the given item to a Unicode string.</doc>
<msg timestamp="20250320 11:02:53.450" level="INFO">${string_prefs} = [[]]</msg>
<status status="PASS" starttime="20250320 11:02:53.449" endtime="20250320 11:02:53.450"/>
</kw>
<kw name="Return From Keyword If" library="BuiltIn">
<arg>${string_prefs} == [[]]</arg>
<doc>Returns from the enclosing user keyword if ``condition`` is true.</doc>
<msg timestamp="20250320 11:02:53.450" level="INFO">Returning from the enclosing user keyword.</msg>
<status status="PASS" starttime="20250320 11:02:53.450" endtime="20250320 11:02:53.450"/>
</kw>
<for flavor="IN">
<var>${preference}</var>
<value>@{list_prefs}</value>
<iter>
<var name="${preference}"/>
<kw name="Call Method" library="BuiltIn">
<arg>${chrome_options}</arg>
<arg>add_argument</arg>
<arg>${preference}</arg>
<doc>Calls the named method of the given object with the provided arguments.</doc>
<status status="NOT RUN" starttime="20250320 11:02:53.450" endtime="20250320 11:02:53.451"/>
</kw>
<status status="NOT RUN" starttime="20250320 11:02:53.450" endtime="20250320 11:02:53.451"/>
</iter>
<status status="NOT RUN" starttime="20250320 11:02:53.450" endtime="20250320 11:02:53.451"/>
</for>
<status status="PASS" starttime="20250320 11:02:53.449" endtime="20250320 11:02:53.451"/>
</kw>
<kw name="Call Method" library="BuiltIn">
<arg>${chrome_options}</arg>
<arg>add_experimental_option</arg>
<arg>prefs</arg>
<arg>${kw_prefs}</arg>
<doc>Calls the named method of the given object with the provided arguments.</doc>
<status status="PASS" starttime="20250320 11:02:53.451" endtime="20250320 11:02:53.451"/>
</kw>
<kw name="Set Global Variable" library="BuiltIn">
<arg>${global_browser_options}</arg>
<arg>${chrome options}</arg>
<doc>Makes a variable available globally in all tests and suites.</doc>
<msg timestamp="20250320 11:02:53.452" level="INFO">${global_browser_options} = &lt;selenium.webdriver.chrome.options.Options object at 0x000001A8C3348A50&gt;</msg>
<status status="PASS" starttime="20250320 11:02:53.451" endtime="20250320 11:02:53.452"/>
</kw>
<status status="PASS" starttime="20250320 11:02:53.444" endtime="20250320 11:02:53.452"/>
</kw>
<status status="PASS" starttime="20250320 11:02:50.215" endtime="20250320 11:02:53.452"/>
</kw>
<status status="PASS" starttime="20250320 11:02:50.214" endtime="20250320 11:02:53.452"/>
</kw>
<status status="PASS" starttime="20250320 11:02:50.213" endtime="20250320 11:02:53.452"/>
</kw>
<kw name="Set Suite Metadata" library="BuiltIn">
<arg>environment</arg>
<arg>${test_server}</arg>
<doc>Sets metadata for the current test suite.</doc>
<msg timestamp="20250320 11:02:53.452" level="INFO">Set suite metadata 'environment' to value 'Dev'.</msg>
<status status="PASS" starttime="20250320 11:02:53.452" endtime="20250320 11:02:53.453"/>
</kw>
<status status="PASS" starttime="20250320 11:02:50.208" endtime="20250320 11:02:53.453"/>
</kw>
<suite id="s1-s1" name="Test spam patch enhance" source="D:\Replay\Symphonyreplay\Tests\Test_spam_patch_enhance.robot">
<kw name="System Logon" library="Spam_Patch_enhance" type="SETUP">
<kw name="Start Process" library="Process">
<arg>${symvar('EXE_PAD')}</arg>
<doc>Starts a new process on background.</doc>
<msg timestamp="20250320 11:02:53.533" level="INFO">Sym.Dev.EXE_PAD: C:\Program Files\SAP\FrontEnd\SAPGUI\saplogon.exe</msg>
<msg timestamp="20250320 11:02:53.533" level="INFO">Starting process:
"C:\Program Files\SAP\FrontEnd\SAPGUI\saplogon.exe"</msg>
<status status="PASS" starttime="20250320 11:02:53.532" endtime="20250320 11:02:53.536"/>
</kw>
<kw name="Sleep" library="BuiltIn">
<arg>2</arg>
<doc>Pauses the test executed for the given time.</doc>
<msg timestamp="20250320 11:02:55.537" level="INFO">Slept 2 seconds</msg>
<status status="PASS" starttime="20250320 11:02:53.536" endtime="20250320 11:02:55.537"/>
</kw>
<kw name="Connect To Session" library="CustomSapGuiLibrary">
<doc>Connects to an open session SAP.</doc>
<status status="PASS" starttime="20250320 11:02:55.537" endtime="20250320 11:02:55.545"/>
</kw>
<kw name="Sleep" library="BuiltIn">
<arg>2</arg>
<doc>Pauses the test executed for the given time.</doc>
<msg timestamp="20250320 11:02:57.546" level="INFO">Slept 2 seconds</msg>
<status status="PASS" starttime="20250320 11:02:55.546" endtime="20250320 11:02:57.547"/>
</kw>
<kw name="Open Connection" library="CustomSapGuiLibrary">
<arg>${symvar('Connection_Name')}</arg>
<doc>Opens a connection to the given connection name. Be sure to provide the full connection name, including the bracket part.</doc>
<msg timestamp="20250320 11:02:57.548" level="INFO">Sym.Dev.Connection_Name: PRD</msg>
<status status="PASS" starttime="20250320 11:02:57.547" endtime="20250320 11:02:58.095"/>
</kw>
<kw name="Sleep" library="BuiltIn">
<arg>2</arg>
<doc>Pauses the test executed for the given time.</doc>
<msg timestamp="20250320 11:03:00.097" level="INFO">Slept 2 seconds</msg>
<status status="PASS" starttime="20250320 11:02:58.096" endtime="20250320 11:03:00.097"/>
</kw>
<kw name="Input Text" library="CustomSapGuiLibrary">
<arg>wnd[0]/usr/txtRSYST-MANDT</arg>
<arg>${symvar('SAP_CLIENT')}</arg>
<doc>Inserts the given text into the text field identified by locator.
Use keyword `input password` to insert a password in a text field.</doc>
<msg timestamp="20250320 11:03:00.098" level="INFO">Sym.Dev.SAP_CLIENT: 000</msg>
<msg timestamp="20250320 11:03:00.105" level="INFO">Typing text '000' into text field 'wnd[0]/usr/txtRSYST-MANDT'.</msg>
<status status="PASS" starttime="20250320 11:03:00.097" endtime="20250320 11:03:00.105"/>
</kw>
<kw name="Sleep" library="BuiltIn">
<arg>1</arg>
<doc>Pauses the test executed for the given time.</doc>
<msg timestamp="20250320 11:03:01.106" level="INFO">Slept 1 second</msg>
<status status="PASS" starttime="20250320 11:03:00.106" endtime="20250320 11:03:01.106"/>
</kw>
<kw name="Input Text" library="CustomSapGuiLibrary">
<arg>wnd[0]/usr/txtRSYST-BNAME</arg>
<arg>${symvar('SAP_USER')}</arg>
<doc>Inserts the given text into the text field identified by locator.
Use keyword `input password` to insert a password in a text field.</doc>
<msg timestamp="20250320 11:03:01.108" level="INFO">Sym.Dev.SAP_USER: DDIC</msg>
<msg timestamp="20250320 11:03:01.117" level="INFO">Typing text 'DDIC' into text field 'wnd[0]/usr/txtRSYST-BNAME'.</msg>
<status status="PASS" starttime="20250320 11:03:01.107" endtime="20250320 11:03:01.117"/>
</kw>
<kw name="Sleep" library="BuiltIn">
<arg>1</arg>
<doc>Pauses the test executed for the given time.</doc>
<msg timestamp="20250320 11:03:02.118" level="INFO">Slept 1 second</msg>
<status status="PASS" starttime="20250320 11:03:01.117" endtime="20250320 11:03:02.118"/>
</kw>
<kw name="Input Password" library="CustomSapGuiLibrary">
<arg>wnd[0]/usr/pwdRSYST-BCODE</arg>
<arg>%{SAP_PASSWORD}</arg>
<doc>Inserts the given password into the text field identified by locator.
The password is not recorded in the log.</doc>
<msg timestamp="20250320 11:03:02.124" level="INFO">Typing password into text field 'wnd[0]/usr/pwdRSYST-BCODE'.</msg>
<status status="PASS" starttime="20250320 11:03:02.118" endtime="20250320 11:03:02.124"/>
</kw>
<kw name="Send Vkey" library="CustomSapGuiLibrary">
<arg>0</arg>
<doc>Sends a SAP virtual key combination to the window, not into an element.
If you want to send a value to a text field, use `input text` instead.</doc>
<status status="PASS" starttime="20250320 11:03:02.124" endtime="20250320 11:03:02.566"/>
</kw>
<kw name="Sleep" library="BuiltIn">
<arg>2</arg>
<doc>Pauses the test executed for the given time.</doc>
<msg timestamp="20250320 11:03:04.567" level="INFO">Slept 2 seconds</msg>
<status status="PASS" starttime="20250320 11:03:02.566" endtime="20250320 11:03:04.567"/>
</kw>
<kw name="Multiple Logon Handling" library="CustomSapGuiLibrary">
<var>${logon_status}</var>
<arg>wnd[1]</arg>
<arg>wnd[1]/usr/radMULTI_LOGON_OPT2</arg>
<msg timestamp="20250320 11:03:04.569" level="INFO">Error: (-2147352567, 'Exception occurred.', (619, 'SAP Frontend Server', 'The control could not be found by id.', 'C:\\Program Files\\SAP\\FrontEnd\\SAPGUI\\sapfront.HLP', 393215, 0), None)</msg>
<msg timestamp="20250320 11:03:04.569" level="INFO">${logon_status} = None</msg>
<status status="PASS" starttime="20250320 11:03:04.568" endtime="20250320 11:03:04.569"/>
</kw>
<if>
<branch type="IF" condition="'${logon_status}' == &quot;Multiple logon found. Please terminate all the logon &amp; proceed&quot;">
<kw name="Log To Console" library="BuiltIn">
<arg>**gbStart**logon_status**splitKeyValue**${logon_status}**gbEnd**</arg>
<doc>Logs the given message to the console.</doc>
<status status="NOT RUN" starttime="20250320 11:03:04.569" endtime="20250320 11:03:04.569"/>
</kw>
<status status="NOT RUN" starttime="20250320 11:03:04.569" endtime="20250320 11:03:04.569"/>
</branch>
<status status="PASS" starttime="20250320 11:03:04.569" endtime="20250320 11:03:04.570"/>
</if>
<kw name="Sleep" library="BuiltIn">
<arg>1</arg>
<doc>Pauses the test executed for the given time.</doc>
<msg timestamp="20250320 11:03:05.570" level="INFO">Slept 1 second</msg>
<status status="PASS" starttime="20250320 11:03:04.570" endtime="20250320 11:03:05.570"/>
</kw>
<status status="PASS" starttime="20250320 11:02:53.532" endtime="20250320 11:03:05.571"/>
</kw>
<test id="s1-s1-t1" name="Check_Spam_update" line="9">
<kw name="Spam Transaction" library="Spam_Patch_enhance">
<kw name="Run Transaction" library="CustomSapGuiLibrary">
<arg>/nspam</arg>
<doc>Runs a Sap transaction. An error is given when an unknown transaction is specified.</doc>
<status status="PASS" starttime="20250320 11:03:05.572" endtime="20250320 11:03:06.409"/>
</kw>
<kw name="Sleep" library="BuiltIn">
<arg>5</arg>
<doc>Pauses the test executed for the given time.</doc>
<msg timestamp="20250320 11:03:11.410" level="INFO">Slept 5 seconds</msg>
<status status="PASS" starttime="20250320 11:03:06.409" endtime="20250320 11:03:11.410"/>
</kw>
<kw name="Take Screenshot" library="CustomSapGuiLibrary">
<arg>B01_spam.jpg</arg>
<doc>Takes a screenshot, only if 'screenshots on error' has been enabled,
either at import of with keyword `enable screenshots on error`.</doc>
<msg timestamp="20250320 11:03:11.490" level="INFO" html="true">&lt;a href="B01_spam.jpg"&gt;&lt;img src="B01_spam.jpg" width="800px"&gt;&lt;/a&gt;</msg>
<status status="PASS" starttime="20250320 11:03:11.410" endtime="20250320 11:03:11.490"/>
</kw>
<status status="PASS" starttime="20250320 11:03:05.571" endtime="20250320 11:03:11.491"/>
</kw>
<kw name="Certificate Verification" library="Spam_Patch_enhance">
<kw name="Get Maintenance Certificate Text" library="CustomSapGuiLibrary">
<arg>wnd[0]/sbar/pane[0]</arg>
<msg timestamp="20250320 11:03:11.494" level="INFO">License available to proceed further</msg>
<status status="PASS" starttime="20250320 11:03:11.491" endtime="20250320 11:03:11.494"/>
</kw>
<kw name="Sleep" library="BuiltIn">
<arg>2</arg>
<doc>Pauses the test executed for the given time.</doc>
<msg timestamp="20250320 11:03:13.495" level="INFO">Slept 2 seconds</msg>
<status status="PASS" starttime="20250320 11:03:11.495" endtime="20250320 11:03:13.496"/>
</kw>
<kw name="Take Screenshot" library="CustomSapGuiLibrary">
<arg>002_Certificate.jpg</arg>
<doc>Takes a screenshot, only if 'screenshots on error' has been enabled,
either at import of with keyword `enable screenshots on error`.</doc>
<msg timestamp="20250320 11:03:13.568" level="INFO" html="true">&lt;a href="002_Certificate.jpg"&gt;&lt;img src="002_Certificate.jpg" width="800px"&gt;&lt;/a&gt;</msg>
<status status="PASS" starttime="20250320 11:03:13.496" endtime="20250320 11:03:13.568"/>
</kw>
<status status="PASS" starttime="20250320 11:03:11.491" endtime="20250320 11:03:13.568"/>
</kw>
<kw name="Loading package" library="Spam_Patch_enhance">
<kw name="Click Element" library="CustomSapGuiLibrary">
<arg>wnd[0]/mbar/menu[0]/menu[0]/menu[1]</arg>
<doc>Performs a single click on a given element. Used only for buttons, tabs and menu items.</doc>
<status status="PASS" starttime="20250320 11:03:13.568" endtime="20250320 11:03:13.685"/>
</kw>
<kw name="Sleep" library="BuiltIn">
<arg>2</arg>
<doc>Pauses the test executed for the given time.</doc>
<msg timestamp="20250320 11:03:15.686" level="INFO">Slept 2 seconds</msg>
<status status="PASS" starttime="20250320 11:03:13.685" endtime="20250320 11:03:15.686"/>
</kw>
<kw name="Take Screenshot" library="CustomSapGuiLibrary">
<arg>003_Load_1.jpg</arg>
<doc>Takes a screenshot, only if 'screenshots on error' has been enabled,
either at import of with keyword `enable screenshots on error`.</doc>
<msg timestamp="20250320 11:03:15.755" level="INFO" html="true">&lt;a href="003_Load_1.jpg"&gt;&lt;img src="003_Load_1.jpg" width="800px"&gt;&lt;/a&gt;</msg>
<status status="PASS" starttime="20250320 11:03:15.687" endtime="20250320 11:03:15.755"/>
</kw>
<kw name="Click Element" library="CustomSapGuiLibrary">
<arg>wnd[1]/usr/btnSPOP-OPTION1</arg>
<doc>Performs a single click on a given element. Used only for buttons, tabs and menu items.</doc>
<status status="PASS" starttime="20250320 11:03:15.756" endtime="20250320 11:03:27.095"/>
</kw>
<kw name="Sleep" library="BuiltIn">
<arg>2</arg>
<doc>Pauses the test executed for the given time.</doc>
<msg timestamp="20250320 11:03:29.096" level="INFO">Slept 2 seconds</msg>
<status status="PASS" starttime="20250320 11:03:27.095" endtime="20250320 11:03:29.096"/>
</kw>
<kw name="Take Screenshot" library="CustomSapGuiLibrary">
<arg>004_Load_2.jpg</arg>
<doc>Takes a screenshot, only if 'screenshots on error' has been enabled,
either at import of with keyword `enable screenshots on error`.</doc>
<msg timestamp="20250320 11:03:29.162" level="INFO" html="true">&lt;a href="004_Load_2.jpg"&gt;&lt;img src="004_Load_2.jpg" width="800px"&gt;&lt;/a&gt;</msg>
<status status="PASS" starttime="20250320 11:03:29.096" endtime="20250320 11:03:29.162"/>
</kw>
<kw name="Click Element" library="CustomSapGuiLibrary">
<arg>wnd[0]/tbar[0]/btn[3]</arg>
<doc>Performs a single click on a given element. Used only for buttons, tabs and menu items.</doc>
<status status="PASS" starttime="20250320 11:03:29.163" endtime="20250320 11:03:29.378"/>
</kw>
<kw name="Sleep" library="BuiltIn">
<arg>2</arg>
<doc>Pauses the test executed for the given time.</doc>
<msg timestamp="20250320 11:03:31.380" level="INFO">Slept 2 seconds</msg>
<status status="PASS" starttime="20250320 11:03:29.379" endtime="20250320 11:03:31.380"/>
</kw>
<kw name="Take Screenshot" library="CustomSapGuiLibrary">
<arg>005_Load_3.jpg</arg>
<doc>Takes a screenshot, only if 'screenshots on error' has been enabled,
either at import of with keyword `enable screenshots on error`.</doc>
<msg timestamp="20250320 11:03:31.443" level="INFO" html="true">&lt;a href="005_Load_3.jpg"&gt;&lt;img src="005_Load_3.jpg" width="800px"&gt;&lt;/a&gt;</msg>
<status status="PASS" starttime="20250320 11:03:31.380" endtime="20250320 11:03:31.443"/>
</kw>
<status status="PASS" starttime="20250320 11:03:13.568" endtime="20250320 11:03:31.444"/>
</kw>
<kw name="Display/Define" library="Spam_Patch_enhance">
<kw name="Click Element" library="CustomSapGuiLibrary">
<arg>wnd[0]/usr/btnPAT100-QUEUE</arg>
<doc>Performs a single click on a given element. Used only for buttons, tabs and menu items.</doc>
<status status="PASS" starttime="20250320 11:03:31.444" endtime="20250320 11:03:32.078"/>
</kw>
<kw name="Sleep" library="BuiltIn">
<arg>2</arg>
<doc>Pauses the test executed for the given time.</doc>
<msg timestamp="20250320 11:03:34.079" level="INFO">Slept 2 seconds</msg>
<status status="PASS" starttime="20250320 11:03:32.078" endtime="20250320 11:03:34.079"/>
</kw>
<kw name="Take Screenshot" library="CustomSapGuiLibrary">
<arg>006_Display.jpg</arg>
<doc>Takes a screenshot, only if 'screenshots on error' has been enabled,
either at import of with keyword `enable screenshots on error`.</doc>
<msg timestamp="20250320 11:03:34.162" level="INFO" html="true">&lt;a href="006_Display.jpg"&gt;&lt;img src="006_Display.jpg" width="800px"&gt;&lt;/a&gt;</msg>
<status status="PASS" starttime="20250320 11:03:34.080" endtime="20250320 11:03:34.162"/>
</kw>
<status status="PASS" starttime="20250320 11:03:31.444" endtime="20250320 11:03:34.162"/>
</kw>
<kw name="Spam software selection" library="Spam_Patch_enhance">
<kw name="Click Element" library="CustomSapGuiLibrary">
<arg>wnd[1]/tbar[0]/btn[0]</arg>
<doc>Performs a single click on a given element. Used only for buttons, tabs and menu items.</doc>
<status status="PASS" starttime="20250320 11:03:34.162" endtime="20250320 11:03:34.317"/>
</kw>
<kw name="Sleep" library="BuiltIn">
<arg>2</arg>
<doc>Pauses the test executed for the given time.</doc>
<msg timestamp="20250320 11:03:36.318" level="INFO">Slept 2 seconds</msg>
<status status="PASS" starttime="20250320 11:03:34.317" endtime="20250320 11:03:36.318"/>
</kw>
<kw name="Take Screenshot" library="CustomSapGuiLibrary">
<arg>F01_patch_1.jpg</arg>
<doc>Takes a screenshot, only if 'screenshots on error' has been enabled,
either at import of with keyword `enable screenshots on error`.</doc>
<msg timestamp="20250320 11:03:36.382" level="INFO" html="true">&lt;a href="F01_patch_1.jpg"&gt;&lt;img src="F01_patch_1.jpg" width="800px"&gt;&lt;/a&gt;</msg>
<status status="PASS" starttime="20250320 11:03:36.319" endtime="20250320 11:03:36.382"/>
</kw>
<kw name="Spam Multiple Patch Version Select" library="CustomSapGuiLibrary">
<arg>${comp_id}</arg>
<arg>${symvar('search_comp')}</arg>
<arg>${symvar('search_patch')}</arg>
<msg timestamp="20250320 11:03:36.383" level="INFO">Sym.Dev.search_comp: ["ST-A/PI", "$search_comp2"]</msg>
<msg timestamp="20250320 11:03:36.384" level="INFO">Sym.Dev.search_patch: ["SAPKITABC6", "$search_patch2"]</msg>
<msg timestamp="20250320 11:03:36.385" level="INFO">Error: (-2147352567, 'Exception occurred.', (619, 'SAP Frontend Server', 'The control could not be found by id.', 'C:\\Program Files\\SAP\\FrontEnd\\SAPGUI\\sapfront.HLP', 393215, 0), None)</msg>
<status status="PASS" starttime="20250320 11:03:36.382" endtime="20250320 11:03:36.385"/>
</kw>
<kw name="Sleep" library="BuiltIn">
<arg>4</arg>
<doc>Pauses the test executed for the given time.</doc>
<msg timestamp="20250320 11:03:40.385" level="INFO">Slept 4 seconds</msg>
<status status="PASS" starttime="20250320 11:03:36.385" endtime="20250320 11:03:40.386"/>
</kw>
<kw name="Take Screenshot" library="CustomSapGuiLibrary">
<arg>F02_patch_2.jpg</arg>
<doc>Takes a screenshot, only if 'screenshots on error' has been enabled,
either at import of with keyword `enable screenshots on error`.</doc>
<msg timestamp="20250320 11:03:40.443" level="INFO" html="true">&lt;a href="F02_patch_2.jpg"&gt;&lt;img src="F02_patch_2.jpg" width="800px"&gt;&lt;/a&gt;</msg>
<status status="PASS" starttime="20250320 11:03:40.386" endtime="20250320 11:03:40.443"/>
</kw>
<kw name="Click Element" library="CustomSapGuiLibrary">
<arg>wnd[1]/tbar[0]/btn[0]</arg>
<doc>Performs a single click on a given element. Used only for buttons, tabs and menu items.</doc>
<status status="PASS" starttime="20250320 11:03:40.443" endtime="20250320 11:03:40.589"/>
</kw>
<kw name="Sleep" library="BuiltIn">
<arg>2</arg>
<doc>Pauses the test executed for the given time.</doc>
<msg timestamp="20250320 11:03:42.590" level="INFO">Slept 2 seconds</msg>
<status status="PASS" starttime="20250320 11:03:40.590" endtime="20250320 11:03:42.590"/>
</kw>
<kw name="Take Screenshot" library="CustomSapGuiLibrary">
<arg>F03_patch_3.jpg</arg>
<doc>Takes a screenshot, only if 'screenshots on error' has been enabled,
either at import of with keyword `enable screenshots on error`.</doc>
<msg timestamp="20250320 11:03:42.664" level="INFO" html="true">&lt;a href="F03_patch_3.jpg"&gt;&lt;img src="F03_patch_3.jpg" width="800px"&gt;&lt;/a&gt;</msg>
<status status="PASS" starttime="20250320 11:03:42.591" endtime="20250320 11:03:42.664"/>
</kw>
<kw name="Click Element" library="CustomSapGuiLibrary">
<arg>wnd[1]/tbar[0]/btn[0]</arg>
<doc>Performs a single click on a given element. Used only for buttons, tabs and menu items.</doc>
<status status="PASS" starttime="20250320 11:03:42.664" endtime="20250320 11:03:42.813"/>
</kw>
<kw name="Sleep" library="BuiltIn">
<arg>2</arg>
<doc>Pauses the test executed for the given time.</doc>
<msg timestamp="20250320 11:03:44.814" level="INFO">Slept 2 seconds</msg>
<status status="PASS" starttime="20250320 11:03:42.813" endtime="20250320 11:03:44.814"/>
</kw>
<kw name="Take Screenshot" library="CustomSapGuiLibrary">
<arg>F04_patch_4.jpg</arg>
<doc>Takes a screenshot, only if 'screenshots on error' has been enabled,
either at import of with keyword `enable screenshots on error`.</doc>
<msg timestamp="20250320 11:03:44.881" level="INFO" html="true">&lt;a href="F04_patch_4.jpg"&gt;&lt;img src="F04_patch_4.jpg" width="800px"&gt;&lt;/a&gt;</msg>
<status status="PASS" starttime="20250320 11:03:44.814" endtime="20250320 11:03:44.882"/>
</kw>
<status status="PASS" starttime="20250320 11:03:34.162" endtime="20250320 11:03:44.882"/>
</kw>
<kw name="Important SAP note handling" library="Spam_Patch_enhance">
<kw name="Is Imp Notes Existing" library="CustomSapGuiLibrary">
<arg>wnd[2]</arg>
<arg>wnd[2]/tbar[0]/btn[0]</arg>
<msg timestamp="20250320 11:03:44.883" level="INFO">An error occurred: (-2147352567, 'Exception occurred.', (619, 'SAP Frontend Server', 'The control could not be found by id.', 'C:\\Program Files\\SAP\\FrontEnd\\SAPGUI\\sapfront.HLP', 393215, 0), None)</msg>
<status status="PASS" starttime="20250320 11:03:44.882" endtime="20250320 11:03:44.883"/>
</kw>
<kw name="Sleep" library="BuiltIn">
<arg>2</arg>
<doc>Pauses the test executed for the given time.</doc>
<msg timestamp="20250320 11:03:46.884" level="INFO">Slept 2 seconds</msg>
<status status="PASS" starttime="20250320 11:03:44.884" endtime="20250320 11:03:46.884"/>
</kw>
<kw name="Take Screenshot" library="CustomSapGuiLibrary">
<arg>012_SAP_note.jpg</arg>
<doc>Takes a screenshot, only if 'screenshots on error' has been enabled,
either at import of with keyword `enable screenshots on error`.</doc>
<msg timestamp="20250320 11:03:46.945" level="INFO" html="true">&lt;a href="012_SAP_note.jpg"&gt;&lt;img src="012_SAP_note.jpg" width="800px"&gt;&lt;/a&gt;</msg>
<status status="PASS" starttime="20250320 11:03:46.885" endtime="20250320 11:03:46.945"/>
</kw>
<kw name="Click Element" library="CustomSapGuiLibrary">
<arg>wnd[1]/usr/btnBUTTON_2</arg>
<doc>Performs a single click on a given element. Used only for buttons, tabs and menu items.</doc>
<msg timestamp="20250320 11:03:47.004" level="INFO" html="true">&lt;a href="sap-screenshot_1.jpg"&gt;&lt;img src="sap-screenshot_1.jpg" width="800px"&gt;&lt;/a&gt;</msg>
<msg timestamp="20250320 11:03:47.005" level="FAIL">ValueError: Cannot find element with id 'wnd[1]/usr/btnBUTTON_2'</msg>
<status status="FAIL" starttime="20250320 11:03:46.945" endtime="20250320 11:03:47.006"/>
</kw>
<kw name="Sleep" library="BuiltIn">
<arg>2</arg>
<doc>Pauses the test executed for the given time.</doc>
<status status="NOT RUN" starttime="20250320 11:03:47.007" endtime="20250320 11:03:47.007"/>
</kw>
<kw name="Take Screenshot" library="CustomSapGuiLibrary">
<arg>013_Modification.jpg</arg>
<doc>Takes a screenshot, only if 'screenshots on error' has been enabled,
either at import of with keyword `enable screenshots on error`.</doc>
<status status="NOT RUN" starttime="20250320 11:03:47.007" endtime="20250320 11:03:47.007"/>
</kw>
<status status="FAIL" starttime="20250320 11:03:44.882" endtime="20250320 11:03:47.007"/>
</kw>
<tag>Regression</tag>
<tag>spampatchenhance</tag>
<status status="FAIL" starttime="20250320 11:03:05.571" endtime="20250320 11:03:47.007">ValueError: Cannot find element with id 'wnd[1]/usr/btnBUTTON_2'</status>
</test>
<status status="FAIL" starttime="20250320 11:02:53.453" endtime="20250320 11:03:47.009"/>
</suite>
<doc>Testing functionality through Robot Framework</doc>
<meta name="environment">Dev</meta>
<meta name="test_browser_name">chrome</meta>
<meta name="test_browser_version">133.0.6943.127</meta>
<meta name="test_driver_version">132.0.6834.110 </meta>
<meta name="test_environment">Dev</meta>
<meta name="test_freeze_dependencies">astroid==3.3.9,attrs==25.3.0,beautifulsoup4==4.13.3,bs4==0.0.2,certifi==2025.1.31,cffi==1.17.1,chardet==5.2.0,charset-normalizer==3.4.1,click==8.1.8,colorama==0.4.6,cryptography==44.0.2,defusedxml==0.7.1,dill==0.3.9,docutils==0.21.2,et_xmlfile==2.0.0,exceptiongroup==1.2.2,gitdb==4.0.12,GitPython==3.1.44,h11==0.14.0,idna==3.10,isort==6.0.1,Jinja2==3.1.6,jira==3.8.0,jsonpath-ng==1.7.0,jsonschema==4.23.0,jsonschema-specifications==2024.10.1,lazy-object-proxy==1.10.0,lxml==5.3.1,markdown-it-py==3.0.0,MarkupSafe==3.0.2,mccabe==0.7.0,mdurl==0.1.2,natsort==8.4.0,oauthlib==3.2.2,openpyxl==3.1.5,outcome==1.3.0.post0,packaging==24.2,pathspec==0.11.2,pillow==11.1.0,pip==25.0,platformdirs==4.3.6,ply==3.11,pycparser==2.22,Pygments==2.19.1,pylint==3.3.5,PySocks==1.7.1,pywin32==310,PyYAML==6.0.2,referencing==0.36.2,reportlab==4.3.1,requests==2.32.3,requests-oauthlib==2.0.0,requests-toolbelt==1.0.0,rich==13.9.4,rich-click==1.6.1,robotframework==6.0.2,robotframework-datadriver==1.9.0,robotframework-excellib==2.0.1,robotframework-jsonlibrary==0.5,robotframework-pabot==2.16.0,robotframework-pythonlibcore==4.2.0,robotframework-requests==0.9.2,robotframework-sapguilibrary==1.1,robotframework-seleniumlibrary==5.1.3,robotframework-stacktrace==0.4.1,robotframework-tidy==4.5.0,rpds-py==0.23.1,selenium==4.9.1,setuptools==76.1.0,smmap==5.0.2,sniffio==1.3.1,sortedcontainers==2.4.0,soupsieve==2.6,tomli==2.0.2,tomlkit==0.13.2,trio==0.29.0,trio-websocket==0.12.2,typing_extensions==4.12.2,urllib3==2.3.0,wheel==0.45.1,wrapt==1.17.2,wsproto==1.2.0</meta>
<status status="FAIL" starttime="20250320 11:02:49.927" endtime="20250320 11:03:47.062"/>
</suite>
<statistics>
<total>
<stat pass="0" fail="1" skip="0">All Tests</stat>
</total>
<tag>
<stat pass="0" fail="1" skip="0">Regression</stat>
<stat pass="0" fail="1" skip="0">spampatchenhance</stat>
</tag>
<suite>
<stat pass="0" fail="1" skip="0" id="s1" name="Tests">Tests</stat>
<stat pass="0" fail="1" skip="0" id="s1-s1" name="Test spam patch enhance">Tests.Test spam patch enhance</stat>
</suite>
</statistics>
<errors>
</errors>
</robot>
