<?xml version="1.0" encoding="UTF-8"?>
<robot generator="Robot 6.0.2 (Python 3.13.1 on win32)" generated="20250203 10:45:51.103" rpa="false" schemaversion="3">
<suite id="s1" name="Tests" source="D:\Replay\Symphonyreplay\Tests">
<kw name="Setup highest level suite" type="SETUP">
<kw name="Set Variable" library="BuiltIn">
<var>${d.test_server}</var>
<arg>${test_server}</arg>
<doc>Returns the given values which can then be assigned to a variables.</doc>
<msg timestamp="20250203 10:45:52.978" level="INFO">${d.test_server} = Dev</msg>
<status status="PASS" starttime="20250203 10:45:52.977" endtime="20250203 10:45:52.978"/>
</kw>
<kw name="Reset screenshot count variable" library="Support">
<kw name="Set Variable" library="BuiltIn">
<var>${screenshotCount}</var>
<arg>${PABOTQUEUEINDEX}_1</arg>
<doc>Returns the given values which can then be assigned to a variables.</doc>
<msg timestamp="20250203 10:45:52.979" level="INFO">${screenshotCount} = 1_1</msg>
<status status="PASS" starttime="20250203 10:45:52.979" endtime="20250203 10:45:52.979"/>
</kw>
<kw name="Set Global Variable" library="BuiltIn">
<arg>${screenshotCount}</arg>
<doc>Makes a variable available globally in all tests and suites.</doc>
<msg timestamp="20250203 10:45:52.980" level="INFO">${screenshotCount} = 1_1</msg>
<status status="PASS" starttime="20250203 10:45:52.980" endtime="20250203 10:45:52.980"/>
</kw>
<kw name="Set up screenshot directory" library="Support">
<kw name="Create Directory" library="OperatingSystem">
<arg>${OUTPUTDIR}${/}${wvar('screenshot_dir')}</arg>
<doc>Creates the specified directory.</doc>
<msg timestamp="20250203 10:45:52.982" level="FAIL">Resolving variable '${wvar('screenshot_dir')}' failed: Variable '${wvar}' not found.</msg>
<status status="FAIL" starttime="20250203 10:45:52.981" endtime="20250203 10:45:52.982"/>
</kw>
<status status="FAIL" starttime="20250203 10:45:52.980" endtime="20250203 10:45:52.984"/>
</kw>
<status status="FAIL" starttime="20250203 10:45:52.978" endtime="20250203 10:45:52.984"/>
</kw>
<kw name="Set Global Variable" library="BuiltIn">
<arg>${screenshot_taking}</arg>
<arg>${True}</arg>
<doc>Makes a variable available globally in all tests and suites.</doc>
<status status="NOT RUN" starttime="20250203 10:45:52.984" endtime="20250203 10:45:52.984"/>
</kw>
<kw name="Setup linux execution" library="Support">
<status status="NOT RUN" starttime="20250203 10:45:52.984" endtime="20250203 10:45:52.984"/>
</kw>
<kw name="Set Suite Metadata" library="BuiltIn">
<arg>environment</arg>
<arg>${test_server}</arg>
<doc>Sets metadata for the current test suite.</doc>
<status status="NOT RUN" starttime="20250203 10:45:52.984" endtime="20250203 10:45:52.985"/>
</kw>
<status status="FAIL" starttime="20250203 10:45:52.977" endtime="20250203 10:45:52.985"/>
</kw>
<suite id="s1-s1" name="Sample" source="D:\Replay\Symphonyreplay\Tests\Sample">
<suite id="s1-s1-s1" name="AAAA-124 User Story to test selenium navigation" source="D:\Replay\Symphonyreplay\Tests\Sample\AAAA-124 User Story to test selenium navigation.robot">
<test id="s1-s1-s1-t1" name="Visualization is received correctly" line="14">
<doc>Test to check Visualization is working correctly</doc>
<tag>AAAA-124</tag>
<tag>Regression</tag>
<tag>Sample</tag>
<tag>selenium</tag>
<tag>uat</tag>
<tag>Web</tag>
<status status="FAIL" starttime="20250203 10:45:52.987" endtime="20250203 10:45:52.988">Parent suite setup failed:
Resolving variable '${wvar('screenshot_dir')}' failed: Variable '${wvar}' not found.</status>
</test>
<doc>This is a sample user story.
The documentation here should ideally match the user story doc.
It only works if you have Web libraries enabled and the chromedriver
is available in the environment PATH. Jira-ID: AAAA-124</doc>
<status status="FAIL" starttime="20250203 10:45:52.986" endtime="20250203 10:45:52.989">Parent suite setup failed:
Resolving variable '${wvar('screenshot_dir')}' failed: Variable '${wvar}' not found.</status>
</suite>
<doc>Sample Tests</doc>
<status status="FAIL" starttime="20250203 10:45:52.985" endtime="20250203 10:45:53.098">Parent suite setup failed:
Resolving variable '${wvar('screenshot_dir')}' failed: Variable '${wvar}' not found.</status>
</suite>
<doc>Testing functionality through Robot Framework</doc>
<meta name="test_environment">Dev</meta>
<meta name="test_freeze_dependencies">astroid==3.3.8,attrs==25.1.0,beautifulsoup4==4.13.0,bs4==0.0.2,certifi==2025.1.31,cffi==1.17.1,chardet==5.2.0,charset-normalizer==3.4.1,click==8.1.8,colorama==0.4.6,cryptography==44.0.0,defusedxml==0.7.1,dill==0.3.9,docutils==0.21.2,et_xmlfile==2.0.0,exceptiongroup==1.2.2,gitdb==4.0.12,GitPython==3.1.44,h11==0.14.0,idna==3.10,isort==6.0.0,Jinja2==3.1.5,jira==3.8.0,jsonpath-ng==1.7.0,jsonschema==4.23.0,jsonschema-specifications==2024.10.1,lazy-object-proxy==1.10.0,lxml==5.3.0,markdown-it-py==3.0.0,MarkupSafe==3.0.2,mccabe==0.7.0,mdurl==0.1.2,natsort==8.4.0,oauthlib==3.2.2,openpyxl==3.1.5,outcome==1.3.0.post0,packaging==24.2,pathspec==0.11.2,pillow==11.1.0,pip==24.3.1,platformdirs==4.3.6,ply==3.11,pycparser==2.22,Pygments==2.19.1,pylint==3.3.4,PySocks==1.7.1,pywin32==308,PyYAML==6.0.2,referencing==0.36.2,requests==2.32.3,requests-oauthlib==2.0.0,requests-toolbelt==1.0.0,rich==13.9.4,rich-click==1.6.1,robotframework==6.0.2,robotframework-datadriver==1.9.0,robotframework-excellib==2.0.1,robotframework-jsonlibrary==0.5,robotframework-pabot==2.16.0,robotframework-pythonlibcore==4.2.0,robotframework-requests==0.9.2,robotframework-sapguilibrary==1.1,robotframework-seleniumlibrary==5.1.3,robotframework-stacktrace==0.4.1,robotframework-tidy==4.5.0,rpds-py==0.22.3,selenium==4.9.1,setuptools==75.8.0,smmap==5.0.2,sniffio==1.3.1,sortedcontainers==2.4.0,soupsieve==2.6,tomli==2.0.2,tomlkit==0.13.2,trio==0.28.0,trio-websocket==0.11.1,typing_extensions==4.12.2,urllib3==2.3.0,wheel==0.45.1,wrapt==1.17.2,wsproto==1.2.0</meta>
<status status="FAIL" starttime="20250203 10:45:52.151" endtime="20250203 10:45:53.098">Suite setup failed:
Resolving variable '${wvar('screenshot_dir')}' failed: Variable '${wvar}' not found.</status>
</suite>
<statistics>
<total>
<stat pass="0" fail="1" skip="0">All Tests</stat>
</total>
<tag>
<stat pass="0" fail="1" skip="0">AAAA-124</stat>
<stat pass="0" fail="1" skip="0">Regression</stat>
<stat pass="0" fail="1" skip="0">Sample</stat>
<stat pass="0" fail="1" skip="0">selenium</stat>
<stat pass="0" fail="1" skip="0">uat</stat>
<stat pass="0" fail="1" skip="0">Web</stat>
</tag>
<suite>
<stat pass="0" fail="1" skip="0" id="s1" name="Tests">Tests</stat>
<stat pass="0" fail="1" skip="0" id="s1-s1" name="Sample">Tests.Sample</stat>
<stat pass="0" fail="1" skip="0" id="s1-s1-s1" name="AAAA-124 User Story to test selenium navigation">Tests.Sample.AAAA-124 User Story to test selenium navigation</stat>
</suite>
</statistics>
<errors>
<msg timestamp="20250203 10:45:52.151" level="ERROR">Processing variable file 'D:\Replay\Symphonyreplay\Execution\Access_Data.py' failed: Importing variable file 'D:\Replay\Symphonyreplay\Execution\Access_Data.py' failed: ImportError: cannot import name 'Dev' from partially initialized module 'Data.Symphony' (most likely due to a circular import) (D:\Replay\Symphonyreplay\Data\Symphony\__init__.py)
Traceback (most recent call last):
  File "D:\Replay\Symphonyreplay\Execution\Access_Data.py", line 15, in &lt;module&gt;
    import Data.Symphony as Sym
  File "D:\Replay\Symphonyreplay\Data\Symphony\__init__.py", line 1, in &lt;module&gt;
    from . import Dev
PYTHONPATH:
  D:\Replay\Symphonyreplay\Execution
  D:\Replay\Symphonyreplay\RoboEnvironment\Symphony\Scripts\robot.exe
  D:\Replay\Symphonyreplay\RoboEnvironment\Symphony\Scripts\python313.zip
  C:\Users\Administrator\AppData\Local\Programs\Python\Python313\DLLs
  C:\Users\Administrator\AppData\Local\Programs\Python\Python313\Lib
  C:\Users\Administrator\AppData\Local\Programs\Python\Python313
  D:\Replay\Symphonyreplay\RoboEnvironment\Symphony
  D:\Replay\Symphonyreplay\RoboEnvironment\Symphony\Lib\site-packages
  D:\Replay\Symphonyreplay\RoboEnvironment\Symphony\Lib\site-packages\win32
  D:\Replay\Symphonyreplay\RoboEnvironment\Symphony\Lib\site-packages\win32\lib
  D:\Replay\Symphonyreplay\RoboEnvironment\Symphony\Lib\site-packages\Pythonwin
  D:\Replay\Symphonyreplay\RoboEnvironment\Symphony\Lib\site-packages\setuptools\_vendor
  D:\Replay\Symphonyreplay</msg>
</errors>
</robot>
