<?xml version="1.0" encoding="UTF-8"?>
<robot generator="Robot 6.0.2 (Python 3.13.1 on win32)" generated="20250805 15:20:56.578" rpa="false" schemaversion="3">
<suite id="s1" name="Tests" source="D:\Replay\Symphonyreplay\Tests">
<kw name="Setup highest level suite" type="SETUP">
<kw name="Set Variable" library="BuiltIn">
<var>${d.test_server}</var>
<arg>${test_server}</arg>
<doc>Returns the given values which can then be assigned to a variables.</doc>
<msg timestamp="20250805 15:20:57.388" level="INFO">${d.test_server} = Dev</msg>
<status status="PASS" starttime="20250805 15:20:57.387" endtime="20250805 15:20:57.388"/>
</kw>
<kw name="Reset screenshot count variable" library="Support">
<kw name="Set Variable" library="BuiltIn">
<var>${screenshotCount}</var>
<arg>${PABOTQUEUEINDEX}_1</arg>
<doc>Returns the given values which can then be assigned to a variables.</doc>
<msg timestamp="20250805 15:20:57.389" level="INFO">${screenshotCount} = 0_1</msg>
<status status="PASS" starttime="20250805 15:20:57.388" endtime="20250805 15:20:57.389"/>
</kw>
<kw name="Set Global Variable" library="BuiltIn">
<arg>${screenshotCount}</arg>
<doc>Makes a variable available globally in all tests and suites.</doc>
<msg timestamp="20250805 15:20:57.389" level="INFO">${screenshotCount} = 0_1</msg>
<status status="PASS" starttime="20250805 15:20:57.389" endtime="20250805 15:20:57.389"/>
</kw>
<kw name="Set up screenshot directory" library="Support">
<kw name="Create Directory" library="OperatingSystem">
<arg>${OUTPUTDIR}${/}${wvar('screenshot_dir')}</arg>
<doc>Creates the specified directory.</doc>
<msg timestamp="20250805 15:20:57.390" level="INFO">Web.Dev.screenshot_dir: Screenshot</msg>
<msg timestamp="20250805 15:20:57.391" level="INFO" html="true">Created directory '&lt;a href="file://D:\Replay\Symphonyreplay\Output\28f51b96-88f2-4129-99df-f5008ea755d1\pabot_results\0\Screenshot"&gt;D:\Replay\Symphonyreplay\Output\28f51b96-88f2-4129-99df-f5008ea755d1\pabot_results\0\Screenshot&lt;/a&gt;'.</msg>
<status status="PASS" starttime="20250805 15:20:57.389" endtime="20250805 15:20:57.391"/>
</kw>
<status status="PASS" starttime="20250805 15:20:57.389" endtime="20250805 15:20:57.391"/>
</kw>
<status status="PASS" starttime="20250805 15:20:57.388" endtime="20250805 15:20:57.392"/>
</kw>
<kw name="Set Global Variable" library="BuiltIn">
<arg>${screenshot_taking}</arg>
<arg>${True}</arg>
<doc>Makes a variable available globally in all tests and suites.</doc>
<msg timestamp="20250805 15:20:57.392" level="INFO">${screenshot_taking} = True</msg>
<status status="PASS" starttime="20250805 15:20:57.392" endtime="20250805 15:20:57.393"/>
</kw>
<kw name="Setup linux execution" library="Support">
<kw name="Run Keyword And Return Status" library="BuiltIn">
<var>${web_test_check}</var>
<arg>Variable Should Exist</arg>
<arg>${web_test}</arg>
<doc>Runs the given keyword with given arguments and returns the status as a Boolean value.</doc>
<kw name="Variable Should Exist" library="BuiltIn">
<arg>${web_test}</arg>
<doc>Fails unless the given variable exists within the current scope.</doc>
<status status="PASS" starttime="20250805 15:20:57.393" endtime="20250805 15:20:57.394"/>
</kw>
<msg timestamp="20250805 15:20:57.394" level="INFO">${web_test_check} = True</msg>
<status status="PASS" starttime="20250805 15:20:57.393" endtime="20250805 15:20:57.394"/>
</kw>
<kw name="Run Keyword If" library="BuiltIn">
<arg>${web_test_check}</arg>
<arg>Setup Docker Execution Options</arg>
<doc>Runs the given keyword with the given arguments, if ``condition`` is true.</doc>
<kw name="Setup Docker Execution Options" library="Support_Web">
<kw name="Setup Suite Metadata" library="Support_Web">
<arg>${browser}</arg>
<kw name="Get Browser Metadata" library="BrowserSupport">
<var>&amp;{browser_information}</var>
<arg>browser=${browser}</arg>
<doc>Fetches browser metadata information
:param browser: Name of the browser for which information is fetched
:param reload: Re-read the metadata based on the browser
:return: Browser metadata information, dict of format
            {"browser_version": browser version value,
             "driver_version": driver version value}</doc>
<msg timestamp="20250805 15:21:00.610" level="INFO">&amp;{browser_information} = { browser_version=138.0.7204.184 | driver_version=138.0.7204.183  }</msg>
<status status="PASS" starttime="20250805 15:20:57.395" endtime="20250805 15:21:00.611"/>
</kw>
<kw name="Set Suite Metadata" library="BuiltIn">
<arg>test_browser_name</arg>
<arg>${browser}</arg>
<doc>Sets metadata for the current test suite.</doc>
<msg timestamp="20250805 15:21:00.611" level="INFO">Set suite metadata 'test_browser_name' to value 'chrome'.</msg>
<status status="PASS" starttime="20250805 15:21:00.611" endtime="20250805 15:21:00.611"/>
</kw>
<kw name="Set Suite Metadata" library="BuiltIn">
<arg>test_browser_version</arg>
<arg>${browser_information.browser_version}</arg>
<doc>Sets metadata for the current test suite.</doc>
<msg timestamp="20250805 15:21:00.612" level="INFO">Set suite metadata 'test_browser_version' to value '138.0.7204.184'.</msg>
<status status="PASS" starttime="20250805 15:21:00.612" endtime="20250805 15:21:00.612"/>
</kw>
<kw name="Set Suite Metadata" library="BuiltIn">
<arg>test_driver_version</arg>
<arg>${browser_information.driver_version}</arg>
<doc>Sets metadata for the current test suite.</doc>
<msg timestamp="20250805 15:21:00.613" level="INFO">Set suite metadata 'test_driver_version' to value '138.0.7204.183 '.</msg>
<status status="PASS" starttime="20250805 15:21:00.613" endtime="20250805 15:21:00.613"/>
</kw>
<status status="PASS" starttime="20250805 15:20:57.395" endtime="20250805 15:21:00.613"/>
</kw>
<kw name="Setup Global Docker Execution Options" library="Support_Web">
<kw name="Set Global Variable" library="BuiltIn">
<arg>${global_browser_options}</arg>
<arg>None</arg>
<doc>Makes a variable available globally in all tests and suites.</doc>
<msg timestamp="20250805 15:21:00.615" level="INFO">${global_browser_options} = None</msg>
<status status="PASS" starttime="20250805 15:21:00.614" endtime="20250805 15:21:00.615"/>
</kw>
<kw name="Get Environment Variable" library="OperatingSystem">
<var>${docker_check}</var>
<arg>EXECUTION_ENVIRONMENT</arg>
<arg>not_found</arg>
<doc>Returns the value of an environment variable with the given name.</doc>
<msg timestamp="20250805 15:21:00.615" level="INFO">${docker_check} = not_found</msg>
<status status="PASS" starttime="20250805 15:21:00.615" endtime="20250805 15:21:00.615"/>
</kw>
<kw name="Run Keyword And Return If" library="BuiltIn">
<arg>"${docker_check}"!="docker"</arg>
<arg>Log</arg>
<arg>Not executing on Docker</arg>
<doc>Runs the specified keyword and returns from the enclosing user keyword.</doc>
<kw name="Log" library="BuiltIn">
<arg>Not executing on Docker</arg>
<doc>Logs the given message with the given level.</doc>
<msg timestamp="20250805 15:21:00.616" level="INFO">Not executing on Docker</msg>
<status status="PASS" starttime="20250805 15:21:00.616" endtime="20250805 15:21:00.616"/>
</kw>
<msg timestamp="20250805 15:21:00.616" level="INFO">Returning from the enclosing user keyword.</msg>
<status status="PASS" starttime="20250805 15:21:00.615" endtime="20250805 15:21:00.616"/>
</kw>
<kw name="Create List" library="BuiltIn">
<var>@{options}</var>
<arg>--headless</arg>
<arg>--no-sandbox</arg>
<arg>--disable-dev-shm-usage</arg>
<doc>Returns a list containing given items.</doc>
<status status="NOT RUN" starttime="20250805 15:21:00.616" endtime="20250805 15:21:00.616"/>
</kw>
<kw name="Set Global Variable" library="BuiltIn">
<arg>@{docker_options}</arg>
<arg>@{options}</arg>
<doc>Makes a variable available globally in all tests and suites.</doc>
<status status="NOT RUN" starttime="20250805 15:21:00.616" endtime="20250805 15:21:00.616"/>
</kw>
<status status="PASS" starttime="20250805 15:21:00.613" endtime="20250805 15:21:00.617"/>
</kw>
<kw name="Create Webdriver for chrome preferences" library="Support_Web">
<kw name="Update Docker Execution Options" library="Support_Web">
<var>${list_prefs}</var>
<arg>${list_prefs}</arg>
<kw name="Run Keyword And Return Status" library="BuiltIn">
<var>${docker_check}</var>
<arg>Variable Should Exist</arg>
<arg>${docker_options}</arg>
<doc>Runs the given keyword with given arguments and returns the status as a Boolean value.</doc>
<kw name="Variable Should Exist" library="BuiltIn">
<arg>${docker_options}</arg>
<doc>Fails unless the given variable exists within the current scope.</doc>
<msg timestamp="20250805 15:21:00.619" level="FAIL">Variable '${docker_options}' does not exist.</msg>
<status status="FAIL" starttime="20250805 15:21:00.618" endtime="20250805 15:21:00.619"/>
</kw>
<msg timestamp="20250805 15:21:00.620" level="INFO">${docker_check} = False</msg>
<status status="PASS" starttime="20250805 15:21:00.617" endtime="20250805 15:21:00.620"/>
</kw>
<kw name="Get Length" library="BuiltIn">
<var>${list_prefs_length}</var>
<arg>${list_prefs}</arg>
<doc>Returns and logs the length of the given item as an integer.</doc>
<msg timestamp="20250805 15:21:00.620" level="INFO">Length is 1</msg>
<msg timestamp="20250805 15:21:00.620" level="INFO">${list_prefs_length} = 1</msg>
<status status="PASS" starttime="20250805 15:21:00.620" endtime="20250805 15:21:00.620"/>
</kw>
<kw name="Run Keyword If" library="BuiltIn">
<var>${list_prefs}</var>
<arg>${docker_check} and ${list_prefs_length}&gt;0 and ${list_prefs}[0] != []</arg>
<arg>Combine Lists</arg>
<arg>${list_prefs}</arg>
<arg>${docker_options}</arg>
<arg>ELSE IF</arg>
<arg>${docker_check}</arg>
<arg>Set Variable</arg>
<arg>${docker_options}</arg>
<arg>ELSE</arg>
<arg>Set Variable</arg>
<arg>${list_prefs}</arg>
<doc>Runs the given keyword with the given arguments, if ``condition`` is true.</doc>
<kw name="Set Variable" library="BuiltIn">
<arg>${list_prefs}</arg>
<doc>Returns the given values which can then be assigned to a variables.</doc>
<status status="PASS" starttime="20250805 15:21:00.621" endtime="20250805 15:21:00.621"/>
</kw>
<msg timestamp="20250805 15:21:00.621" level="INFO">${list_prefs} = [[]]</msg>
<status status="PASS" starttime="20250805 15:21:00.620" endtime="20250805 15:21:00.621"/>
</kw>
<msg timestamp="20250805 15:21:00.621" level="INFO">${list_prefs} = [[]]</msg>
<status status="PASS" starttime="20250805 15:21:00.617" endtime="20250805 15:21:00.621"/>
</kw>
<kw name="Create Chrome Options for download preferences" library="Support_Web">
<var>${chrome_options}</var>
<kw name="Evaluate" library="BuiltIn">
<var>${chrome_options}</var>
<arg>sys.modules['selenium.webdriver'].ChromeOptions()</arg>
<arg>sys</arg>
<doc>Evaluates the given expression in Python and returns the result.</doc>
<msg timestamp="20250805 15:21:00.622" level="INFO">${chrome_options} = &lt;selenium.webdriver.chrome.options.Options object at 0x0000020C84204B90&gt;</msg>
<status status="PASS" starttime="20250805 15:21:00.622" endtime="20250805 15:21:00.622"/>
</kw>
<msg timestamp="20250805 15:21:00.622" level="INFO">${chrome_options} = &lt;selenium.webdriver.chrome.options.Options object at 0x0000020C84204B90&gt;</msg>
<status status="PASS" starttime="20250805 15:21:00.621" endtime="20250805 15:21:00.622"/>
</kw>
<kw name="Update Preferences List" library="Support_Web">
<arg>${chrome_options}</arg>
<arg>@{list_prefs}</arg>
<kw name="Convert To String" library="BuiltIn">
<var>${string_prefs}</var>
<arg>${list_prefs}</arg>
<doc>Converts the given item to a Unicode string.</doc>
<msg timestamp="20250805 15:21:00.623" level="INFO">${string_prefs} = [[]]</msg>
<status status="PASS" starttime="20250805 15:21:00.623" endtime="20250805 15:21:00.623"/>
</kw>
<kw name="Return From Keyword If" library="BuiltIn">
<arg>${string_prefs} == [[]]</arg>
<doc>Returns from the enclosing user keyword if ``condition`` is true.</doc>
<msg timestamp="20250805 15:21:00.624" level="INFO">Returning from the enclosing user keyword.</msg>
<status status="PASS" starttime="20250805 15:21:00.623" endtime="20250805 15:21:00.624"/>
</kw>
<for flavor="IN">
<var>${preference}</var>
<value>@{list_prefs}</value>
<iter>
<var name="${preference}"/>
<kw name="Call Method" library="BuiltIn">
<arg>${chrome_options}</arg>
<arg>add_argument</arg>
<arg>${preference}</arg>
<doc>Calls the named method of the given object with the provided arguments.</doc>
<status status="NOT RUN" starttime="20250805 15:21:00.624" endtime="20250805 15:21:00.625"/>
</kw>
<status status="NOT RUN" starttime="20250805 15:21:00.624" endtime="20250805 15:21:00.625"/>
</iter>
<status status="NOT RUN" starttime="20250805 15:21:00.624" endtime="20250805 15:21:00.625"/>
</for>
<status status="PASS" starttime="20250805 15:21:00.622" endtime="20250805 15:21:00.625"/>
</kw>
<kw name="Call Method" library="BuiltIn">
<arg>${chrome_options}</arg>
<arg>add_experimental_option</arg>
<arg>prefs</arg>
<arg>${kw_prefs}</arg>
<doc>Calls the named method of the given object with the provided arguments.</doc>
<status status="PASS" starttime="20250805 15:21:00.625" endtime="20250805 15:21:00.625"/>
</kw>
<kw name="Set Global Variable" library="BuiltIn">
<arg>${global_browser_options}</arg>
<arg>${chrome options}</arg>
<doc>Makes a variable available globally in all tests and suites.</doc>
<msg timestamp="20250805 15:21:00.626" level="INFO">${global_browser_options} = &lt;selenium.webdriver.chrome.options.Options object at 0x0000020C84204B90&gt;</msg>
<status status="PASS" starttime="20250805 15:21:00.625" endtime="20250805 15:21:00.626"/>
</kw>
<status status="PASS" starttime="20250805 15:21:00.617" endtime="20250805 15:21:00.626"/>
</kw>
<status status="PASS" starttime="20250805 15:20:57.395" endtime="20250805 15:21:00.626"/>
</kw>
<status status="PASS" starttime="20250805 15:20:57.394" endtime="20250805 15:21:00.626"/>
</kw>
<status status="PASS" starttime="20250805 15:20:57.393" endtime="20250805 15:21:00.627"/>
</kw>
<kw name="Set Suite Metadata" library="BuiltIn">
<arg>environment</arg>
<arg>${test_server}</arg>
<doc>Sets metadata for the current test suite.</doc>
<msg timestamp="20250805 15:21:00.627" level="INFO">Set suite metadata 'environment' to value 'Dev'.</msg>
<status status="PASS" starttime="20250805 15:21:00.627" endtime="20250805 15:21:00.627"/>
</kw>
<status status="PASS" starttime="20250805 15:20:57.387" endtime="20250805 15:21:00.627"/>
</kw>
<suite id="s1-s1" name="Test spam Update" source="D:\Replay\Symphonyreplay\Tests\Test_spam_Update.robot">
<kw name="System Logon" library="Spam_Update" type="SETUP">
<kw name="Sleep" library="BuiltIn">
<arg>5</arg>
<doc>Pauses the test executed for the given time.</doc>
<msg timestamp="20250805 15:21:05.651" level="INFO">Slept 5 seconds</msg>
<status status="PASS" starttime="20250805 15:21:00.651" endtime="20250805 15:21:05.651"/>
</kw>
<kw name="Start Process" library="Process">
<arg>${symvar('EXE_PAD')}</arg>
<doc>Starts a new process on background.</doc>
<msg timestamp="20250805 15:21:05.652" level="INFO">Sym.Dev.EXE_PAD: C:\Program Files\SAP\FrontEnd\SAPGUI\saplogon.exe</msg>
<msg timestamp="20250805 15:21:05.653" level="INFO">Starting process:
"C:\Program Files\SAP\FrontEnd\SAPGUI\saplogon.exe"</msg>
<status status="PASS" starttime="20250805 15:21:05.652" endtime="20250805 15:21:05.656"/>
</kw>
<kw name="Sleep" library="BuiltIn">
<arg>2</arg>
<doc>Pauses the test executed for the given time.</doc>
<msg timestamp="20250805 15:21:07.657" level="INFO">Slept 2 seconds</msg>
<status status="PASS" starttime="20250805 15:21:05.657" endtime="20250805 15:21:07.657"/>
</kw>
<kw name="Connect To Session" library="CustomSapGuiLibrary">
<doc>Connects to an open session SAP.</doc>
<status status="PASS" starttime="20250805 15:21:07.657" endtime="20250805 15:21:07.669"/>
</kw>
<kw name="Sleep" library="BuiltIn">
<arg>2</arg>
<doc>Pauses the test executed for the given time.</doc>
<msg timestamp="20250805 15:21:09.670" level="INFO">Slept 2 seconds</msg>
<status status="PASS" starttime="20250805 15:21:07.669" endtime="20250805 15:21:09.670"/>
</kw>
<kw name="Open Connection" library="CustomSapGuiLibrary">
<arg>${symvar('Connection_Name')}</arg>
<doc>Opens a connection to the given connection name. Be sure to provide the full connection name, including the bracket part.</doc>
<msg timestamp="20250805 15:21:09.672" level="INFO">Sym.Dev.Connection_Name: SHD</msg>
<status status="PASS" starttime="20250805 15:21:09.671" endtime="20250805 15:21:10.177"/>
</kw>
<kw name="Sleep" library="BuiltIn">
<arg>2</arg>
<doc>Pauses the test executed for the given time.</doc>
<msg timestamp="20250805 15:21:12.178" level="INFO">Slept 2 seconds</msg>
<status status="PASS" starttime="20250805 15:21:10.177" endtime="20250805 15:21:12.178"/>
</kw>
<kw name="Input Text" library="CustomSapGuiLibrary">
<arg>wnd[0]/usr/txtRSYST-MANDT</arg>
<arg>${symvar('SAP_CLIENT')}</arg>
<doc>Inserts the given text into the text field identified by locator.
Use keyword `input password` to insert a password in a text field.</doc>
<msg timestamp="20250805 15:21:12.179" level="INFO">Sym.Dev.SAP_CLIENT: 000</msg>
<msg timestamp="20250805 15:21:12.192" level="INFO">Typing text '000' into text field 'wnd[0]/usr/txtRSYST-MANDT'.</msg>
<status status="PASS" starttime="20250805 15:21:12.178" endtime="20250805 15:21:12.192"/>
</kw>
<kw name="Sleep" library="BuiltIn">
<arg>1</arg>
<doc>Pauses the test executed for the given time.</doc>
<msg timestamp="20250805 15:21:13.193" level="INFO">Slept 1 second</msg>
<status status="PASS" starttime="20250805 15:21:12.192" endtime="20250805 15:21:13.193"/>
</kw>
<kw name="Input Text" library="CustomSapGuiLibrary">
<arg>wnd[0]/usr/txtRSYST-BNAME</arg>
<arg>${symvar('SAP_USER')}</arg>
<doc>Inserts the given text into the text field identified by locator.
Use keyword `input password` to insert a password in a text field.</doc>
<msg timestamp="20250805 15:21:13.194" level="INFO">Sym.Dev.SAP_USER: DDIC</msg>
<msg timestamp="20250805 15:21:13.201" level="INFO">Typing text 'DDIC' into text field 'wnd[0]/usr/txtRSYST-BNAME'.</msg>
<status status="PASS" starttime="20250805 15:21:13.193" endtime="20250805 15:21:13.201"/>
</kw>
<kw name="Sleep" library="BuiltIn">
<arg>1</arg>
<doc>Pauses the test executed for the given time.</doc>
<msg timestamp="20250805 15:21:14.202" level="INFO">Slept 1 second</msg>
<status status="PASS" starttime="20250805 15:21:13.202" endtime="20250805 15:21:14.202"/>
</kw>
<kw name="Input Password" library="CustomSapGuiLibrary">
<arg>wnd[0]/usr/pwdRSYST-BCODE</arg>
<arg>%{SAP_PASSWORD}</arg>
<doc>Inserts the given password into the text field identified by locator.
The password is not recorded in the log.</doc>
<msg timestamp="20250805 15:21:14.210" level="INFO">Typing password into text field 'wnd[0]/usr/pwdRSYST-BCODE'.</msg>
<status status="PASS" starttime="20250805 15:21:14.203" endtime="20250805 15:21:14.210"/>
</kw>
<kw name="Send Vkey" library="CustomSapGuiLibrary">
<arg>0</arg>
<doc>Sends a SAP virtual key combination to the window, not into an element.
If you want to send a value to a text field, use `input text` instead.</doc>
<status status="PASS" starttime="20250805 15:21:14.210" endtime="20250805 15:21:14.997"/>
</kw>
<kw name="Sleep" library="BuiltIn">
<arg>2</arg>
<doc>Pauses the test executed for the given time.</doc>
<msg timestamp="20250805 15:21:16.998" level="INFO">Slept 2 seconds</msg>
<status status="PASS" starttime="20250805 15:21:14.998" endtime="20250805 15:21:16.999"/>
</kw>
<kw name="Multiple Logon Handling" library="CustomSapGuiLibrary">
<var>${logon_status}</var>
<arg>wnd[1]</arg>
<arg>wnd[1]/usr/radMULTI_LOGON_OPT2</arg>
<msg timestamp="20250805 15:21:17.002" level="INFO">Error: (-2147352567, 'Exception occurred.', (619, 'SAP Frontend Server', 'The control could not be found by id.', 'C:\\Program Files\\SAP\\FrontEnd\\SAPGUI\\sapfront.HLP', 393215, 0), None)</msg>
<msg timestamp="20250805 15:21:17.002" level="INFO">${logon_status} = None</msg>
<status status="PASS" starttime="20250805 15:21:16.999" endtime="20250805 15:21:17.002"/>
</kw>
<if>
<branch type="IF" condition="'${logon_status}' == &quot;Multiple logon found. Please terminate all the logon &amp; proceed&quot;">
<kw name="Log To Console" library="BuiltIn">
<arg>**gbStart**logon_status**splitKeyValue**${logon_status}**gbEnd**</arg>
<doc>Logs the given message to the console.</doc>
<status status="NOT RUN" starttime="20250805 15:21:17.003" endtime="20250805 15:21:17.003"/>
</kw>
<status status="NOT RUN" starttime="20250805 15:21:17.003" endtime="20250805 15:21:17.003"/>
</branch>
<status status="PASS" starttime="20250805 15:21:17.003" endtime="20250805 15:21:17.003"/>
</if>
<kw name="Sleep" library="BuiltIn">
<arg>1</arg>
<doc>Pauses the test executed for the given time.</doc>
<msg timestamp="20250805 15:21:18.004" level="INFO">Slept 1 second</msg>
<status status="PASS" starttime="20250805 15:21:17.003" endtime="20250805 15:21:18.004"/>
</kw>
<status status="PASS" starttime="20250805 15:21:00.650" endtime="20250805 15:21:18.005"/>
</kw>
<test id="s1-s1-t1" name="Check_Spam_update" line="9">
<kw name="Spam Transaction" library="Spam_Update">
<kw name="Run Transaction" library="CustomSapGuiLibrary">
<arg>/nspam</arg>
<doc>Runs a Sap transaction. An error is given when an unknown transaction is specified.</doc>
<status status="PASS" starttime="20250805 15:21:18.006" endtime="20250805 15:21:19.357"/>
</kw>
<kw name="Sleep" library="BuiltIn">
<arg>5</arg>
<doc>Pauses the test executed for the given time.</doc>
<msg timestamp="20250805 15:21:24.358" level="INFO">Slept 5 seconds</msg>
<status status="PASS" starttime="20250805 15:21:19.357" endtime="20250805 15:21:24.359"/>
</kw>
<kw name="Take Screenshot" library="CustomSapGuiLibrary">
<arg>01_spam.jpg</arg>
<doc>Takes a screenshot, only if 'screenshots on error' has been enabled,
either at import of with keyword `enable screenshots on error`.</doc>
<msg timestamp="20250805 15:21:24.698" level="INFO" html="true">&lt;a href="01_spam.jpg"&gt;&lt;img src="01_spam.jpg" width="800px"&gt;&lt;/a&gt;</msg>
<msg timestamp="20250805 15:21:24.698" level="INFO">Active 
Session is Active, no action needed.</msg>
<status status="PASS" starttime="20250805 15:21:24.359" endtime="20250805 15:21:24.698"/>
</kw>
<status status="PASS" starttime="20250805 15:21:18.005" endtime="20250805 15:21:24.699"/>
</kw>
<kw name="Certificate Verification" library="Spam_Update">
<kw name="Get Maintenance Certificate Text" library="CustomSapGuiLibrary">
<arg>wnd[0]/sbar/pane[0]</arg>
<msg timestamp="20250805 15:21:24.702" level="INFO">License available to proceed further</msg>
<status status="PASS" starttime="20250805 15:21:24.699" endtime="20250805 15:21:24.702"/>
</kw>
<kw name="Sleep" library="BuiltIn">
<arg>2</arg>
<doc>Pauses the test executed for the given time.</doc>
<msg timestamp="20250805 15:21:26.703" level="INFO">Slept 2 seconds</msg>
<status status="PASS" starttime="20250805 15:21:24.702" endtime="20250805 15:21:26.703"/>
</kw>
<kw name="Take Screenshot" library="CustomSapGuiLibrary">
<arg>02_certficate1.jpg</arg>
<doc>Takes a screenshot, only if 'screenshots on error' has been enabled,
either at import of with keyword `enable screenshots on error`.</doc>
<msg timestamp="20250805 15:21:26.801" level="INFO" html="true">&lt;a href="02_certficate1.jpg"&gt;&lt;img src="02_certficate1.jpg" width="800px"&gt;&lt;/a&gt;</msg>
<msg timestamp="20250805 15:21:26.802" level="INFO">Active 
Session is Active, no action needed.</msg>
<status status="PASS" starttime="20250805 15:21:26.703" endtime="20250805 15:21:26.802"/>
</kw>
<kw name="Get Maintenance Certificate Text" library="CustomSapGuiLibrary">
<arg>${certificate_id}</arg>
<msg timestamp="20250805 15:21:26.804" level="INFO">License available to proceed further</msg>
<status status="PASS" starttime="20250805 15:21:26.802" endtime="20250805 15:21:26.805"/>
</kw>
<kw name="Take Screenshot" library="CustomSapGuiLibrary">
<arg>03_certificate2.jpg</arg>
<doc>Takes a screenshot, only if 'screenshots on error' has been enabled,
either at import of with keyword `enable screenshots on error`.</doc>
<msg timestamp="20250805 15:21:26.923" level="INFO" html="true">&lt;a href="03_certificate2.jpg"&gt;&lt;img src="03_certificate2.jpg" width="800px"&gt;&lt;/a&gt;</msg>
<msg timestamp="20250805 15:21:26.923" level="INFO">Active 
Session is Active, no action needed.</msg>
<status status="PASS" starttime="20250805 15:21:26.805" endtime="20250805 15:21:26.923"/>
</kw>
<status status="PASS" starttime="20250805 15:21:24.699" endtime="20250805 15:21:26.923"/>
</kw>
<kw name="Loading package" library="Spam_Update">
<kw name="Click Element" library="CustomSapGuiLibrary">
<arg>wnd[0]/mbar/menu[0]/menu[0]/menu[1]</arg>
<doc>Performs a single click on a given element. Used only for buttons, tabs and menu items.</doc>
<status status="PASS" starttime="20250805 15:21:26.924" endtime="20250805 15:21:27.045"/>
</kw>
<kw name="Sleep" library="BuiltIn">
<arg>2</arg>
<doc>Pauses the test executed for the given time.</doc>
<msg timestamp="20250805 15:21:29.046" level="INFO">Slept 2 seconds</msg>
<status status="PASS" starttime="20250805 15:21:27.045" endtime="20250805 15:21:29.046"/>
</kw>
<kw name="Take Screenshot" library="CustomSapGuiLibrary">
<arg>04_loading_1.jpg</arg>
<doc>Takes a screenshot, only if 'screenshots on error' has been enabled,
either at import of with keyword `enable screenshots on error`.</doc>
<msg timestamp="20250805 15:21:29.149" level="INFO" html="true">&lt;a href="04_loading_1.jpg"&gt;&lt;img src="04_loading_1.jpg" width="800px"&gt;&lt;/a&gt;</msg>
<msg timestamp="20250805 15:21:29.149" level="INFO">Active 
Session is Active, no action needed.</msg>
<status status="PASS" starttime="20250805 15:21:29.046" endtime="20250805 15:21:29.149"/>
</kw>
<kw name="Click Element" library="CustomSapGuiLibrary">
<arg>wnd[1]/usr/btnSPOP-OPTION1</arg>
<doc>Performs a single click on a given element. Used only for buttons, tabs and menu items.</doc>
<status status="PASS" starttime="20250805 15:21:29.149" endtime="20250805 15:21:33.340"/>
</kw>
<kw name="Sleep" library="BuiltIn">
<arg>2</arg>
<doc>Pauses the test executed for the given time.</doc>
<msg timestamp="20250805 15:21:35.341" level="INFO">Slept 2 seconds</msg>
<status status="PASS" starttime="20250805 15:21:33.340" endtime="20250805 15:21:35.341"/>
</kw>
<kw name="Take Screenshot" library="CustomSapGuiLibrary">
<arg>05_loading_2.jpg</arg>
<doc>Takes a screenshot, only if 'screenshots on error' has been enabled,
either at import of with keyword `enable screenshots on error`.</doc>
<msg timestamp="20250805 15:21:35.458" level="INFO" html="true">&lt;a href="05_loading_2.jpg"&gt;&lt;img src="05_loading_2.jpg" width="800px"&gt;&lt;/a&gt;</msg>
<msg timestamp="20250805 15:21:35.458" level="INFO">Active 
Session is Active, no action needed.</msg>
<status status="PASS" starttime="20250805 15:21:35.341" endtime="20250805 15:21:35.458"/>
</kw>
<kw name="Click Element" library="CustomSapGuiLibrary">
<arg>wnd[0]/tbar[0]/btn[3]</arg>
<doc>Performs a single click on a given element. Used only for buttons, tabs and menu items.</doc>
<status status="PASS" starttime="20250805 15:21:35.459" endtime="20250805 15:21:35.716"/>
</kw>
<kw name="Sleep" library="BuiltIn">
<arg>2</arg>
<doc>Pauses the test executed for the given time.</doc>
<msg timestamp="20250805 15:21:37.716" level="INFO">Slept 2 seconds</msg>
<status status="PASS" starttime="20250805 15:21:35.716" endtime="20250805 15:21:37.717"/>
</kw>
<kw name="Take Screenshot" library="CustomSapGuiLibrary">
<arg>06_loading_3.jpg</arg>
<doc>Takes a screenshot, only if 'screenshots on error' has been enabled,
either at import of with keyword `enable screenshots on error`.</doc>
<msg timestamp="20250805 15:21:37.834" level="INFO" html="true">&lt;a href="06_loading_3.jpg"&gt;&lt;img src="06_loading_3.jpg" width="800px"&gt;&lt;/a&gt;</msg>
<msg timestamp="20250805 15:21:37.834" level="INFO">Active 
Session is Active, no action needed.</msg>
<status status="PASS" starttime="20250805 15:21:37.717" endtime="20250805 15:21:37.834"/>
</kw>
<status status="PASS" starttime="20250805 15:21:26.923" endtime="20250805 15:21:37.834"/>
</kw>
<kw name="Import Spam/Saint update" library="Spam_Update">
<kw name="Click Element" library="CustomSapGuiLibrary">
<arg>wnd[0]/mbar/menu[0]/menu[2]</arg>
<doc>Performs a single click on a given element. Used only for buttons, tabs and menu items.</doc>
<status status="PASS" starttime="20250805 15:21:37.834" endtime="20250805 15:21:42.192"/>
</kw>
<kw name="Take Screenshot" library="CustomSapGuiLibrary">
<arg>07_SPM1.jpg</arg>
<doc>Takes a screenshot, only if 'screenshots on error' has been enabled,
either at import of with keyword `enable screenshots on error`.</doc>
<msg timestamp="20250805 15:21:42.282" level="INFO" html="true">&lt;a href="07_SPM1.jpg"&gt;&lt;img src="07_SPM1.jpg" width="800px"&gt;&lt;/a&gt;</msg>
<msg timestamp="20250805 15:21:42.282" level="INFO">Active 
Session is Active, no action needed.</msg>
<status status="PASS" starttime="20250805 15:21:42.192" endtime="20250805 15:21:42.283"/>
</kw>
<kw name="Click Element" library="CustomSapGuiLibrary">
<arg>wnd[1]/tbar[0]/btn[25]</arg>
<doc>Performs a single click on a given element. Used only for buttons, tabs and menu items.</doc>
<status status="PASS" starttime="20250805 15:21:42.283" endtime="20250805 15:21:42.404"/>
</kw>
<kw name="Take Screenshot" library="CustomSapGuiLibrary">
<arg>08_SPM2.jpg</arg>
<doc>Takes a screenshot, only if 'screenshots on error' has been enabled,
either at import of with keyword `enable screenshots on error`.</doc>
<msg timestamp="20250805 15:21:42.498" level="INFO" html="true">&lt;a href="08_SPM2.jpg"&gt;&lt;img src="08_SPM2.jpg" width="800px"&gt;&lt;/a&gt;</msg>
<msg timestamp="20250805 15:21:42.498" level="INFO">Active 
Session is Active, no action needed.</msg>
<status status="PASS" starttime="20250805 15:21:42.404" endtime="20250805 15:21:42.498"/>
</kw>
<kw name="Run Time Error Existing" library="CustomSapGuiLibrary">
<var>${content}</var>
<arg>${runtimeerror_id}</arg>
<arg>${back_id}</arg>
<msg timestamp="20250805 16:01:37.425" level="INFO">Runtime error exists</msg>
<msg timestamp="20250805 16:01:37.425" level="INFO">${content} = Runtime Error - Description of Exception</msg>
<status status="PASS" starttime="20250805 15:21:42.498" endtime="20250805 16:01:37.425"/>
</kw>
<kw name="Log" library="BuiltIn">
<arg>The window name is: ${content}</arg>
<doc>Logs the given message with the given level.</doc>
<msg timestamp="20250805 16:01:37.426" level="INFO">The window name is: Runtime Error - Description of Exception</msg>
<status status="PASS" starttime="20250805 16:01:37.426" endtime="20250805 16:01:37.426"/>
</kw>
<kw name="Take Screenshot" library="CustomSapGuiLibrary">
<arg>09_runtimeerror.jpg</arg>
<doc>Takes a screenshot, only if 'screenshots on error' has been enabled,
either at import of with keyword `enable screenshots on error`.</doc>
<msg timestamp="20250805 16:01:37.563" level="INFO" html="true">&lt;a href="09_runtimeerror.jpg"&gt;&lt;img src="09_runtimeerror.jpg" width="800px"&gt;&lt;/a&gt;</msg>
<msg timestamp="20250805 16:01:37.564" level="INFO">Active 
Session is Active, no action needed.</msg>
<status status="PASS" starttime="20250805 16:01:37.426" endtime="20250805 16:01:37.564"/>
</kw>
<kw name="Run Transaction" library="CustomSapGuiLibrary">
<arg>spam</arg>
<doc>Runs a Sap transaction. An error is given when an unknown transaction is specified.</doc>
<status status="PASS" starttime="20250805 16:01:37.564" endtime="20250805 16:01:39.269"/>
</kw>
<kw name="Sleep" library="BuiltIn">
<arg>5</arg>
<doc>Pauses the test executed for the given time.</doc>
<msg timestamp="20250805 16:01:44.270" level="INFO">Slept 5 seconds</msg>
<status status="PASS" starttime="20250805 16:01:39.269" endtime="20250805 16:01:44.270"/>
</kw>
<kw name="Take Screenshot" library="CustomSapGuiLibrary">
<arg>10_spam.jpg</arg>
<doc>Takes a screenshot, only if 'screenshots on error' has been enabled,
either at import of with keyword `enable screenshots on error`.</doc>
<msg timestamp="20250805 16:01:44.373" level="INFO" html="true">&lt;a href="10_spam.jpg"&gt;&lt;img src="10_spam.jpg" width="800px"&gt;&lt;/a&gt;</msg>
<msg timestamp="20250805 16:01:44.373" level="INFO">Active 
Session is Active, no action needed.</msg>
<status status="PASS" starttime="20250805 16:01:44.270" endtime="20250805 16:01:44.373"/>
</kw>
<kw name="Epilogue Handling" library="CustomSapGuiLibrary">
<arg>${epi_id}</arg>
<arg>${spam_id}</arg>
<arg>${window_1_id}</arg>
<arg>${import_id}</arg>
<msg timestamp="20250805 16:01:45.889" level="INFO">patch in Epilogue</msg>
<status status="PASS" starttime="20250805 16:01:44.373" endtime="20250805 16:01:45.889"/>
</kw>
<kw name="Take Screenshot" library="CustomSapGuiLibrary">
<arg>11_SPM3.jpg</arg>
<doc>Takes a screenshot, only if 'screenshots on error' has been enabled,
either at import of with keyword `enable screenshots on error`.</doc>
<msg timestamp="20250805 16:01:45.997" level="INFO" html="true">&lt;a href="11_SPM3.jpg"&gt;&lt;img src="11_SPM3.jpg" width="800px"&gt;&lt;/a&gt;</msg>
<msg timestamp="20250805 16:01:45.998" level="INFO">Active 
Session is Active, no action needed.</msg>
<status status="PASS" starttime="20250805 16:01:45.889" endtime="20250805 16:01:45.998"/>
</kw>
<kw name="Click Element" library="CustomSapGuiLibrary">
<arg>wnd[1]/tbar[0]/btn[0]</arg>
<doc>Performs a single click on a given element. Used only for buttons, tabs and menu items.</doc>
<status status="PASS" starttime="20250805 16:01:45.998" endtime="20250805 16:01:52.004"/>
</kw>
<kw name="Take Screenshot" library="CustomSapGuiLibrary">
<arg>12_SPM4.jpg</arg>
<doc>Takes a screenshot, only if 'screenshots on error' has been enabled,
either at import of with keyword `enable screenshots on error`.</doc>
<msg timestamp="20250805 16:01:52.108" level="INFO" html="true">&lt;a href="12_SPM4.jpg"&gt;&lt;img src="12_SPM4.jpg" width="800px"&gt;&lt;/a&gt;</msg>
<msg timestamp="20250805 16:01:52.108" level="INFO">Active 
Session is Active, no action needed.</msg>
<status status="PASS" starttime="20250805 16:01:52.005" endtime="20250805 16:01:52.108"/>
</kw>
<kw name="Run Transaction" library="CustomSapGuiLibrary">
<arg>spam</arg>
<doc>Runs a Sap transaction. An error is given when an unknown transaction is specified.</doc>
<status status="PASS" starttime="20250805 16:01:52.109" endtime="20250805 16:01:53.840"/>
</kw>
<kw name="Sleep" library="BuiltIn">
<arg>5</arg>
<doc>Pauses the test executed for the given time.</doc>
<msg timestamp="20250805 16:01:58.841" level="INFO">Slept 5 seconds</msg>
<status status="PASS" starttime="20250805 16:01:53.840" endtime="20250805 16:01:58.842"/>
</kw>
<kw name="Take Screenshot" library="CustomSapGuiLibrary">
<arg>13_spam5.jpg</arg>
<doc>Takes a screenshot, only if 'screenshots on error' has been enabled,
either at import of with keyword `enable screenshots on error`.</doc>
<msg timestamp="20250805 16:01:58.937" level="INFO" html="true">&lt;a href="13_spam5.jpg"&gt;&lt;img src="13_spam5.jpg" width="800px"&gt;&lt;/a&gt;</msg>
<msg timestamp="20250805 16:01:58.937" level="INFO">Active 
Session is Active, no action needed.</msg>
<status status="PASS" starttime="20250805 16:01:58.842" endtime="20250805 16:01:58.937"/>
</kw>
<kw name="No Queue Pending" library="CustomSapGuiLibrary">
<arg>${no_Queue_id}</arg>
<msg timestamp="20250805 16:01:58.941" level="INFO">No queue available</msg>
<status status="PASS" starttime="20250805 16:01:58.937" endtime="20250805 16:01:58.941"/>
</kw>
<kw name="Sleep" library="BuiltIn">
<arg>5</arg>
<doc>Pauses the test executed for the given time.</doc>
<msg timestamp="20250805 16:02:03.942" level="INFO">Slept 5 seconds</msg>
<status status="PASS" starttime="20250805 16:01:58.941" endtime="20250805 16:02:03.942"/>
</kw>
<kw name="Version Print" library="CustomSapGuiLibrary">
<arg>${version_id}</arg>
<msg timestamp="20250805 16:02:03.946" level="INFO">Support Package Manager - Version 7.58/0091</msg>
<status status="PASS" starttime="20250805 16:02:03.942" endtime="20250805 16:02:03.946"/>
</kw>
<kw name="Take Screenshot" library="CustomSapGuiLibrary">
<arg>14_spam6.jpg</arg>
<doc>Takes a screenshot, only if 'screenshots on error' has been enabled,
either at import of with keyword `enable screenshots on error`.</doc>
<msg timestamp="20250805 16:02:04.033" level="INFO" html="true">&lt;a href="14_spam6.jpg"&gt;&lt;img src="14_spam6.jpg" width="800px"&gt;&lt;/a&gt;</msg>
<msg timestamp="20250805 16:02:04.033" level="INFO">Active 
Session is Active, no action needed.</msg>
<status status="PASS" starttime="20250805 16:02:03.947" endtime="20250805 16:02:04.033"/>
</kw>
<status status="PASS" starttime="20250805 15:21:37.834" endtime="20250805 16:02:04.033"/>
</kw>
<tag>Regression</tag>
<tag>spamupdate</tag>
<status status="PASS" starttime="20250805 15:21:18.005" endtime="20250805 16:02:04.033"/>
</test>
<kw name="System Logout" library="Spam_Update" type="TEARDOWN">
<kw name="Run Transaction" library="CustomSapGuiLibrary">
<arg>/nex</arg>
<doc>Runs a Sap transaction. An error is given when an unknown transaction is specified.</doc>
<status status="PASS" starttime="20250805 16:02:04.035" endtime="20250805 16:02:04.079"/>
</kw>
<kw name="Sleep" library="BuiltIn">
<arg>5</arg>
<doc>Pauses the test executed for the given time.</doc>
<msg timestamp="20250805 16:02:09.080" level="INFO">Slept 5 seconds</msg>
<status status="PASS" starttime="20250805 16:02:04.079" endtime="20250805 16:02:09.080"/>
</kw>
<status status="PASS" starttime="20250805 16:02:04.034" endtime="20250805 16:02:09.081"/>
</kw>
<status status="PASS" starttime="20250805 15:21:00.628" endtime="20250805 16:02:09.081"/>
</suite>
<doc>Testing functionality through Robot Framework</doc>
<meta name="environment">Dev</meta>
<meta name="test_browser_name">chrome</meta>
<meta name="test_browser_version">138.0.7204.184</meta>
<meta name="test_driver_version">138.0.7204.183 </meta>
<meta name="test_environment">Dev</meta>
<meta name="test_freeze_dependencies">astroid==3.3.9,attrs==25.3.0,beautifulsoup4==4.13.3,bs4==0.0.2,certifi==2025.1.31,cffi==1.17.1,chardet==5.2.0,charset-normalizer==3.4.1,click==8.1.8,colorama==0.4.6,cryptography==44.0.2,defusedxml==0.7.1,dill==0.3.9,docutils==0.21.2,et_xmlfile==2.0.0,exceptiongroup==1.2.2,gitdb==4.0.12,GitPython==3.1.44,h11==0.14.0,idna==3.10,isort==6.0.1,Jinja2==3.1.6,jira==3.8.0,jsonpath-ng==1.7.0,jsonschema==4.23.0,jsonschema-specifications==2024.10.1,lazy-object-proxy==1.10.0,lxml==5.3.1,markdown-it-py==3.0.0,MarkupSafe==3.0.2,mccabe==0.7.0,mdurl==0.1.2,MouseInfo==0.1.3,mss==10.0.0,natsort==8.4.0,oauthlib==3.2.2,openpyxl==3.1.5,outcome==1.3.0.post0,packaging==24.2,pathspec==0.11.2,pillow==11.1.0,pip==25.0,platformdirs==4.3.6,ply==3.11,PyAutoGUI==0.9.54,pycparser==2.22,PyGetWindow==0.0.9,Pygments==2.19.1,pylint==3.3.5,PyMsgBox==1.0.9,pyperclip==1.9.0,PyRect==0.2.0,PyScreeze==1.0.1,PySocks==1.7.1,pytweening==1.2.0,pywin32==310,PyYAML==6.0.2,referencing==0.36.2,reportlab==4.3.1,requests==2.32.3,requests-oauthlib==2.0.0,requests-toolbelt==1.0.0,rich==13.9.4,rich-click==1.6.1,robotframework==6.0.2,robotframework-datadriver==1.9.0,robotframework-excellib==2.0.1,robotframework-jsonlibrary==0.5,robotframework-pabot==2.16.0,robotframework-pythonlibcore==4.2.0,robotframework-requests==0.9.2,robotframework-sapguilibrary==1.1,robotframework-seleniumlibrary==5.1.3,robotframework-stacktrace==0.4.1,robotframework-tidy==4.5.0,rpds-py==0.23.1,selenium==4.9.1,setuptools==76.1.0,smmap==5.0.2,sniffio==1.3.1,sortedcontainers==2.4.0,soupsieve==2.6,tomli==2.0.2,tomlkit==0.13.2,trio==0.29.0,trio-websocket==0.12.2,typing_extensions==4.12.2,urllib3==2.3.0,wheel==0.45.1,wrapt==1.17.2,wsproto==1.2.0</meta>
<status status="PASS" starttime="20250805 15:20:57.087" endtime="20250805 16:02:09.282"/>
</suite>
<statistics>
<total>
<stat pass="1" fail="0" skip="0">All Tests</stat>
</total>
<tag>
<stat pass="1" fail="0" skip="0">Regression</stat>
<stat pass="1" fail="0" skip="0">spamupdate</stat>
</tag>
<suite>
<stat pass="1" fail="0" skip="0" id="s1" name="Tests">Tests</stat>
<stat pass="1" fail="0" skip="0" id="s1-s1" name="Test spam Update">Tests.Test spam Update</stat>
</suite>
</statistics>
<errors>
</errors>
</robot>
